[0m23:26:00.464096 [debug] [MainThread]: Sending event: {'category': 'dbt', 'action': 'invocation', 'label': 'start', 'context': [<snowplow_tracker.self_describing_json.SelfDescribingJson object at 0x00000175ECBB3C50>, <snowplow_tracker.self_describing_json.SelfDescribingJson object at 0x00000175ECBB3E00>, <snowplow_tracker.self_describing_json.SelfDescribingJson object at 0x00000175EB0E9B50>]}


============================== 23:26:00.487739 | 753f9578-f1b0-4b73-b36b-97708e93d9c2 ==============================
[0m23:26:00.487739 [info ] [MainThread]: Running with dbt=1.11.2
[0m23:26:00.488739 [debug] [MainThread]: running dbt with arguments {'static_parser': 'True', 'no_print': 'None', 'version_check': 'True', 'target_path': 'None', 'warn_error_options': 'WarnErrorOptionsV2(error=[], warn=[], silence=[])', 'printer_width': '80', 'write_json': 'True', 'empty': 'None', 'log_cache_events': 'False', 'introspect': 'True', 'cache_selected_only': 'False', 'fail_fast': 'False', 'debug': 'False', 'log_format': 'default', 'partial_parse': 'True', 'send_anonymous_usage_stats': 'True', 'quiet': 'False', 'warn_error': 'None', 'profiles_dir': 'C:\\Users\\mouad\\.dbt', 'invocation_command': 'dbt init', 'indirect_selection': 'eager', 'use_colors': 'True', 'use_experimental_parser': 'False', 'log_path': 'logs'}
[0m23:26:00.525030 [info ] [MainThread]: Creating dbt configuration folder at C:\Users\mouad\.dbt
[0m23:26:32.055181 [debug] [MainThread]: Starter project path: c:\Users\mouad\OneDrive\Bureau\Project data engineer\spotify_data_project\.venv\Lib\site-packages\dbt\include\starter_project
[0m23:26:32.091392 [info ] [MainThread]: 
Your new dbt project "spotify_dbt" was created!

For more information on how to configure the profiles.yml file,
please consult the dbt documentation here:

  https://docs.getdbt.com/docs/configure-your-profile

One more thing:

Need help? Don't hesitate to reach out to us via GitHub issues or on Slack:

  https://community.getdbt.com/

Happy modeling!

[0m23:26:32.091392 [info ] [MainThread]: Setting up your profile.
[0m23:27:01.828018 [debug] [MainThread]: Snowflake adapter: Setting snowflake.connector to ERROR (file logging only)
[0m23:27:01.829031 [debug] [MainThread]: Snowflake adapter: Setting botocore to ERROR (file logging only)
[0m23:27:01.829031 [debug] [MainThread]: Snowflake adapter: Setting boto3 to ERROR (file logging only)
[0m23:33:42.703117 [info ] [MainThread]: Profile spotify_dbt written to C:\Users\mouad\.dbt\profiles.yml using target's profile_template.yml and your supplied values. Run 'dbt debug' to validate the connection.
[0m23:33:42.705127 [debug] [MainThread]: Command `dbt init` succeeded at 23:33:42.705127 after 462.37 seconds
[0m23:33:42.705722 [debug] [MainThread]: Sending event: {'category': 'dbt', 'action': 'invocation', 'label': 'end', 'context': [<snowplow_tracker.self_describing_json.SelfDescribingJson object at 0x00000175EEEC2240>, <snowplow_tracker.self_describing_json.SelfDescribingJson object at 0x00000175EF80A480>, <snowplow_tracker.self_describing_json.SelfDescribingJson object at 0x00000175ECCC4E30>]}
[0m23:33:42.705722 [debug] [MainThread]: Flushing usage events
[0m23:33:43.489295 [debug] [MainThread]: An error was encountered while trying to flush usage events
