[2026-01-12T00:00:00.766+0000] {processor.py:161} INFO - Started process (PID=825) to work on /opt/airflow/dags/minio-to-kafka.py
[2026-01-12T00:00:00.767+0000] {processor.py:830} INFO - Processing file /opt/airflow/dags/minio-to-kafka.py for tasks to queue
[2026-01-12T00:00:00.769+0000] {logging_mixin.py:188} INFO - [2026-01-12T00:00:00.768+0000] {dagbag.py:545} INFO - Filling up the DagBag from /opt/airflow/dags/minio-to-kafka.py
[2026-01-12T00:00:01.663+0000] {processor.py:840} INFO - DAG(s) 'spotify_minio_to_snowflake_bronze' retrieved from /opt/airflow/dags/minio-to-kafka.py
[2026-01-12T00:00:01.688+0000] {logging_mixin.py:188} INFO - [2026-01-12T00:00:01.688+0000] {dag.py:3089} INFO - Sync 1 DAGs
[2026-01-12T00:00:01.707+0000] {logging_mixin.py:188} INFO - [2026-01-12T00:00:01.707+0000] {dag.py:3947} INFO - Setting next_dagrun for spotify_minio_to_snowflake_bronze to 2026-01-12 00:00:00+00:00, run_after=2026-01-12 01:00:00+00:00
[2026-01-12T00:00:01.724+0000] {processor.py:183} INFO - Processing /opt/airflow/dags/minio-to-kafka.py took 0.963 seconds
[2026-01-12T00:00:34.224+0000] {processor.py:161} INFO - Started process (PID=866) to work on /opt/airflow/dags/minio-to-kafka.py
[2026-01-12T00:00:34.225+0000] {processor.py:830} INFO - Processing file /opt/airflow/dags/minio-to-kafka.py for tasks to queue
[2026-01-12T00:00:34.227+0000] {logging_mixin.py:188} INFO - [2026-01-12T00:00:34.227+0000] {dagbag.py:545} INFO - Filling up the DagBag from /opt/airflow/dags/minio-to-kafka.py
[2026-01-12T00:00:34.889+0000] {processor.py:840} INFO - DAG(s) 'spotify_minio_to_snowflake_bronze' retrieved from /opt/airflow/dags/minio-to-kafka.py
[2026-01-12T00:00:34.909+0000] {logging_mixin.py:188} INFO - [2026-01-12T00:00:34.908+0000] {dag.py:3089} INFO - Sync 1 DAGs
[2026-01-12T00:00:34.925+0000] {logging_mixin.py:188} INFO - [2026-01-12T00:00:34.925+0000] {dag.py:3947} INFO - Setting next_dagrun for spotify_minio_to_snowflake_bronze to 2026-01-12 00:00:00+00:00, run_after=2026-01-12 01:00:00+00:00
[2026-01-12T00:00:34.944+0000] {processor.py:183} INFO - Processing /opt/airflow/dags/minio-to-kafka.py took 0.725 seconds
[2026-01-12T00:01:07.442+0000] {processor.py:161} INFO - Started process (PID=869) to work on /opt/airflow/dags/minio-to-kafka.py
[2026-01-12T00:01:07.443+0000] {processor.py:830} INFO - Processing file /opt/airflow/dags/minio-to-kafka.py for tasks to queue
[2026-01-12T00:01:07.444+0000] {logging_mixin.py:188} INFO - [2026-01-12T00:01:07.444+0000] {dagbag.py:545} INFO - Filling up the DagBag from /opt/airflow/dags/minio-to-kafka.py
[2026-01-12T00:01:08.269+0000] {processor.py:840} INFO - DAG(s) 'spotify_minio_to_snowflake_bronze' retrieved from /opt/airflow/dags/minio-to-kafka.py
[2026-01-12T00:01:08.288+0000] {logging_mixin.py:188} INFO - [2026-01-12T00:01:08.287+0000] {dag.py:3089} INFO - Sync 1 DAGs
[2026-01-12T00:01:08.305+0000] {logging_mixin.py:188} INFO - [2026-01-12T00:01:08.305+0000] {dag.py:3947} INFO - Setting next_dagrun for spotify_minio_to_snowflake_bronze to 2026-01-12 00:00:00+00:00, run_after=2026-01-12 01:00:00+00:00
[2026-01-12T00:01:08.327+0000] {processor.py:183} INFO - Processing /opt/airflow/dags/minio-to-kafka.py took 0.892 seconds
[2026-01-12T00:01:40.818+0000] {processor.py:161} INFO - Started process (PID=872) to work on /opt/airflow/dags/minio-to-kafka.py
[2026-01-12T00:01:40.818+0000] {processor.py:830} INFO - Processing file /opt/airflow/dags/minio-to-kafka.py for tasks to queue
[2026-01-12T00:01:40.820+0000] {logging_mixin.py:188} INFO - [2026-01-12T00:01:40.820+0000] {dagbag.py:545} INFO - Filling up the DagBag from /opt/airflow/dags/minio-to-kafka.py
[2026-01-12T00:01:41.468+0000] {processor.py:840} INFO - DAG(s) 'spotify_minio_to_snowflake_bronze' retrieved from /opt/airflow/dags/minio-to-kafka.py
[2026-01-12T00:01:41.487+0000] {logging_mixin.py:188} INFO - [2026-01-12T00:01:41.487+0000] {dag.py:3089} INFO - Sync 1 DAGs
[2026-01-12T00:01:41.505+0000] {logging_mixin.py:188} INFO - [2026-01-12T00:01:41.505+0000] {dag.py:3947} INFO - Setting next_dagrun for spotify_minio_to_snowflake_bronze to 2026-01-12 00:00:00+00:00, run_after=2026-01-12 01:00:00+00:00
[2026-01-12T00:01:41.520+0000] {processor.py:183} INFO - Processing /opt/airflow/dags/minio-to-kafka.py took 0.708 seconds
[2026-01-12T00:02:14.288+0000] {processor.py:161} INFO - Started process (PID=875) to work on /opt/airflow/dags/minio-to-kafka.py
[2026-01-12T00:02:14.289+0000] {processor.py:830} INFO - Processing file /opt/airflow/dags/minio-to-kafka.py for tasks to queue
[2026-01-12T00:02:14.291+0000] {logging_mixin.py:188} INFO - [2026-01-12T00:02:14.291+0000] {dagbag.py:545} INFO - Filling up the DagBag from /opt/airflow/dags/minio-to-kafka.py
[2026-01-12T00:02:14.894+0000] {processor.py:840} INFO - DAG(s) 'spotify_minio_to_snowflake_bronze' retrieved from /opt/airflow/dags/minio-to-kafka.py
[2026-01-12T00:02:14.915+0000] {logging_mixin.py:188} INFO - [2026-01-12T00:02:14.915+0000] {dag.py:3089} INFO - Sync 1 DAGs
[2026-01-12T00:02:14.932+0000] {logging_mixin.py:188} INFO - [2026-01-12T00:02:14.932+0000] {dag.py:3947} INFO - Setting next_dagrun for spotify_minio_to_snowflake_bronze to 2026-01-12 00:00:00+00:00, run_after=2026-01-12 01:00:00+00:00
[2026-01-12T00:02:14.947+0000] {processor.py:183} INFO - Processing /opt/airflow/dags/minio-to-kafka.py took 0.663 seconds
[2026-01-12T00:02:47.447+0000] {processor.py:161} INFO - Started process (PID=878) to work on /opt/airflow/dags/minio-to-kafka.py
[2026-01-12T00:02:47.448+0000] {processor.py:830} INFO - Processing file /opt/airflow/dags/minio-to-kafka.py for tasks to queue
[2026-01-12T00:02:47.451+0000] {logging_mixin.py:188} INFO - [2026-01-12T00:02:47.450+0000] {dagbag.py:545} INFO - Filling up the DagBag from /opt/airflow/dags/minio-to-kafka.py
[2026-01-12T00:02:48.061+0000] {processor.py:840} INFO - DAG(s) 'spotify_minio_to_snowflake_bronze' retrieved from /opt/airflow/dags/minio-to-kafka.py
[2026-01-12T00:02:48.081+0000] {logging_mixin.py:188} INFO - [2026-01-12T00:02:48.080+0000] {dag.py:3089} INFO - Sync 1 DAGs
[2026-01-12T00:02:48.097+0000] {logging_mixin.py:188} INFO - [2026-01-12T00:02:48.097+0000] {dag.py:3947} INFO - Setting next_dagrun for spotify_minio_to_snowflake_bronze to 2026-01-12 00:00:00+00:00, run_after=2026-01-12 01:00:00+00:00
[2026-01-12T00:02:48.120+0000] {processor.py:183} INFO - Processing /opt/airflow/dags/minio-to-kafka.py took 0.678 seconds
[2026-01-12T00:03:21.227+0000] {processor.py:161} INFO - Started process (PID=881) to work on /opt/airflow/dags/minio-to-kafka.py
[2026-01-12T00:03:21.228+0000] {processor.py:830} INFO - Processing file /opt/airflow/dags/minio-to-kafka.py for tasks to queue
[2026-01-12T00:03:21.230+0000] {logging_mixin.py:188} INFO - [2026-01-12T00:03:21.229+0000] {dagbag.py:545} INFO - Filling up the DagBag from /opt/airflow/dags/minio-to-kafka.py
[2026-01-12T00:03:21.853+0000] {processor.py:840} INFO - DAG(s) 'spotify_minio_to_snowflake_bronze' retrieved from /opt/airflow/dags/minio-to-kafka.py
[2026-01-12T00:03:21.872+0000] {logging_mixin.py:188} INFO - [2026-01-12T00:03:21.871+0000] {dag.py:3089} INFO - Sync 1 DAGs
[2026-01-12T00:03:21.888+0000] {logging_mixin.py:188} INFO - [2026-01-12T00:03:21.888+0000] {dag.py:3947} INFO - Setting next_dagrun for spotify_minio_to_snowflake_bronze to 2026-01-12 00:00:00+00:00, run_after=2026-01-12 01:00:00+00:00
[2026-01-12T00:03:21.903+0000] {processor.py:183} INFO - Processing /opt/airflow/dags/minio-to-kafka.py took 0.681 seconds
[2026-01-12T00:03:54.395+0000] {processor.py:161} INFO - Started process (PID=884) to work on /opt/airflow/dags/minio-to-kafka.py
[2026-01-12T00:03:54.396+0000] {processor.py:830} INFO - Processing file /opt/airflow/dags/minio-to-kafka.py for tasks to queue
[2026-01-12T00:03:54.397+0000] {logging_mixin.py:188} INFO - [2026-01-12T00:03:54.397+0000] {dagbag.py:545} INFO - Filling up the DagBag from /opt/airflow/dags/minio-to-kafka.py
[2026-01-12T00:03:55.008+0000] {processor.py:840} INFO - DAG(s) 'spotify_minio_to_snowflake_bronze' retrieved from /opt/airflow/dags/minio-to-kafka.py
[2026-01-12T00:03:55.027+0000] {logging_mixin.py:188} INFO - [2026-01-12T00:03:55.027+0000] {dag.py:3089} INFO - Sync 1 DAGs
[2026-01-12T00:03:55.044+0000] {logging_mixin.py:188} INFO - [2026-01-12T00:03:55.043+0000] {dag.py:3947} INFO - Setting next_dagrun for spotify_minio_to_snowflake_bronze to 2026-01-12 00:00:00+00:00, run_after=2026-01-12 01:00:00+00:00
[2026-01-12T00:03:55.060+0000] {processor.py:183} INFO - Processing /opt/airflow/dags/minio-to-kafka.py took 0.669 seconds
[2026-01-12T00:04:27.574+0000] {processor.py:161} INFO - Started process (PID=887) to work on /opt/airflow/dags/minio-to-kafka.py
[2026-01-12T00:04:27.575+0000] {processor.py:830} INFO - Processing file /opt/airflow/dags/minio-to-kafka.py for tasks to queue
[2026-01-12T00:04:27.578+0000] {logging_mixin.py:188} INFO - [2026-01-12T00:04:27.577+0000] {dagbag.py:545} INFO - Filling up the DagBag from /opt/airflow/dags/minio-to-kafka.py
[2026-01-12T00:04:28.232+0000] {processor.py:840} INFO - DAG(s) 'spotify_minio_to_snowflake_bronze' retrieved from /opt/airflow/dags/minio-to-kafka.py
[2026-01-12T00:04:28.252+0000] {logging_mixin.py:188} INFO - [2026-01-12T00:04:28.252+0000] {dag.py:3089} INFO - Sync 1 DAGs
[2026-01-12T00:04:28.270+0000] {logging_mixin.py:188} INFO - [2026-01-12T00:04:28.270+0000] {dag.py:3947} INFO - Setting next_dagrun for spotify_minio_to_snowflake_bronze to 2026-01-12 00:00:00+00:00, run_after=2026-01-12 01:00:00+00:00
[2026-01-12T00:04:28.293+0000] {processor.py:183} INFO - Processing /opt/airflow/dags/minio-to-kafka.py took 0.728 seconds
[2026-01-12T00:05:00.942+0000] {processor.py:161} INFO - Started process (PID=890) to work on /opt/airflow/dags/minio-to-kafka.py
[2026-01-12T00:05:00.943+0000] {processor.py:830} INFO - Processing file /opt/airflow/dags/minio-to-kafka.py for tasks to queue
[2026-01-12T00:05:00.944+0000] {logging_mixin.py:188} INFO - [2026-01-12T00:05:00.944+0000] {dagbag.py:545} INFO - Filling up the DagBag from /opt/airflow/dags/minio-to-kafka.py
[2026-01-12T00:05:01.796+0000] {processor.py:840} INFO - DAG(s) 'spotify_minio_to_snowflake_bronze' retrieved from /opt/airflow/dags/minio-to-kafka.py
[2026-01-12T00:05:01.825+0000] {logging_mixin.py:188} INFO - [2026-01-12T00:05:01.824+0000] {dag.py:3089} INFO - Sync 1 DAGs
[2026-01-12T00:05:01.851+0000] {logging_mixin.py:188} INFO - [2026-01-12T00:05:01.850+0000] {dag.py:3947} INFO - Setting next_dagrun for spotify_minio_to_snowflake_bronze to 2026-01-12 00:00:00+00:00, run_after=2026-01-12 01:00:00+00:00
[2026-01-12T00:05:01.872+0000] {processor.py:183} INFO - Processing /opt/airflow/dags/minio-to-kafka.py took 0.936 seconds
[2026-01-12T00:05:34.457+0000] {processor.py:161} INFO - Started process (PID=893) to work on /opt/airflow/dags/minio-to-kafka.py
[2026-01-12T00:05:34.458+0000] {processor.py:830} INFO - Processing file /opt/airflow/dags/minio-to-kafka.py for tasks to queue
[2026-01-12T00:05:34.461+0000] {logging_mixin.py:188} INFO - [2026-01-12T00:05:34.460+0000] {dagbag.py:545} INFO - Filling up the DagBag from /opt/airflow/dags/minio-to-kafka.py
[2026-01-12T00:05:35.570+0000] {processor.py:840} INFO - DAG(s) 'spotify_minio_to_snowflake_bronze' retrieved from /opt/airflow/dags/minio-to-kafka.py
[2026-01-12T00:05:35.606+0000] {logging_mixin.py:188} INFO - [2026-01-12T00:05:35.605+0000] {dag.py:3089} INFO - Sync 1 DAGs
[2026-01-12T00:05:35.635+0000] {logging_mixin.py:188} INFO - [2026-01-12T00:05:35.635+0000] {dag.py:3947} INFO - Setting next_dagrun for spotify_minio_to_snowflake_bronze to 2026-01-12 00:00:00+00:00, run_after=2026-01-12 01:00:00+00:00
[2026-01-12T00:05:35.677+0000] {processor.py:183} INFO - Processing /opt/airflow/dags/minio-to-kafka.py took 1.228 seconds
[2026-01-12T00:15:48.730+0000] {processor.py:161} INFO - Started process (PID=896) to work on /opt/airflow/dags/minio-to-kafka.py
[2026-01-12T00:15:48.736+0000] {processor.py:830} INFO - Processing file /opt/airflow/dags/minio-to-kafka.py for tasks to queue
[2026-01-12T00:15:48.790+0000] {logging_mixin.py:188} INFO - [2026-01-12T00:15:48.780+0000] {dagbag.py:545} INFO - Filling up the DagBag from /opt/airflow/dags/minio-to-kafka.py
[2026-01-12T00:15:53.069+0000] {processor.py:840} INFO - DAG(s) 'spotify_minio_to_snowflake_bronze' retrieved from /opt/airflow/dags/minio-to-kafka.py
[2026-01-12T00:15:53.212+0000] {logging_mixin.py:188} INFO - [2026-01-12T00:15:53.212+0000] {dag.py:3089} INFO - Sync 1 DAGs
[2026-01-12T00:15:53.254+0000] {logging_mixin.py:188} INFO - [2026-01-12T00:15:53.254+0000] {dag.py:3947} INFO - Setting next_dagrun for spotify_minio_to_snowflake_bronze to 2026-01-12 00:00:00+00:00, run_after=2026-01-12 01:00:00+00:00
[2026-01-12T00:15:53.288+0000] {processor.py:183} INFO - Processing /opt/airflow/dags/minio-to-kafka.py took 4.674 seconds
[2026-01-12T00:16:23.805+0000] {processor.py:161} INFO - Started process (PID=899) to work on /opt/airflow/dags/minio-to-kafka.py
[2026-01-12T00:16:23.812+0000] {processor.py:830} INFO - Processing file /opt/airflow/dags/minio-to-kafka.py for tasks to queue
[2026-01-12T00:16:23.819+0000] {logging_mixin.py:188} INFO - [2026-01-12T00:16:23.818+0000] {dagbag.py:545} INFO - Filling up the DagBag from /opt/airflow/dags/minio-to-kafka.py
[2026-01-12T00:16:25.349+0000] {processor.py:840} INFO - DAG(s) 'spotify_minio_to_snowflake_bronze' retrieved from /opt/airflow/dags/minio-to-kafka.py
[2026-01-12T00:16:25.408+0000] {logging_mixin.py:188} INFO - [2026-01-12T00:16:25.407+0000] {dag.py:3089} INFO - Sync 1 DAGs
[2026-01-12T00:16:25.469+0000] {logging_mixin.py:188} INFO - [2026-01-12T00:16:25.468+0000] {dag.py:3947} INFO - Setting next_dagrun for spotify_minio_to_snowflake_bronze to 2026-01-12 00:00:00+00:00, run_after=2026-01-12 01:00:00+00:00
[2026-01-12T00:16:25.512+0000] {processor.py:183} INFO - Processing /opt/airflow/dags/minio-to-kafka.py took 1.746 seconds
[2026-01-12T00:16:55.702+0000] {processor.py:161} INFO - Started process (PID=902) to work on /opt/airflow/dags/minio-to-kafka.py
[2026-01-12T00:16:55.703+0000] {processor.py:830} INFO - Processing file /opt/airflow/dags/minio-to-kafka.py for tasks to queue
[2026-01-12T00:16:55.705+0000] {logging_mixin.py:188} INFO - [2026-01-12T00:16:55.705+0000] {dagbag.py:545} INFO - Filling up the DagBag from /opt/airflow/dags/minio-to-kafka.py
[2026-01-12T00:16:56.787+0000] {processor.py:840} INFO - DAG(s) 'spotify_minio_to_snowflake_bronze' retrieved from /opt/airflow/dags/minio-to-kafka.py
[2026-01-12T00:16:56.821+0000] {logging_mixin.py:188} INFO - [2026-01-12T00:16:56.821+0000] {dag.py:3089} INFO - Sync 1 DAGs
[2026-01-12T00:16:56.850+0000] {logging_mixin.py:188} INFO - [2026-01-12T00:16:56.849+0000] {dag.py:3947} INFO - Setting next_dagrun for spotify_minio_to_snowflake_bronze to 2026-01-12 00:00:00+00:00, run_after=2026-01-12 01:00:00+00:00
[2026-01-12T00:16:56.875+0000] {processor.py:183} INFO - Processing /opt/airflow/dags/minio-to-kafka.py took 1.184 seconds
[2026-01-12T00:17:27.641+0000] {processor.py:161} INFO - Started process (PID=905) to work on /opt/airflow/dags/minio-to-kafka.py
[2026-01-12T00:17:27.643+0000] {processor.py:830} INFO - Processing file /opt/airflow/dags/minio-to-kafka.py for tasks to queue
[2026-01-12T00:17:27.646+0000] {logging_mixin.py:188} INFO - [2026-01-12T00:17:27.645+0000] {dagbag.py:545} INFO - Filling up the DagBag from /opt/airflow/dags/minio-to-kafka.py
[2026-01-12T00:17:28.958+0000] {processor.py:840} INFO - DAG(s) 'spotify_minio_to_snowflake_bronze' retrieved from /opt/airflow/dags/minio-to-kafka.py
[2026-01-12T00:17:29.007+0000] {logging_mixin.py:188} INFO - [2026-01-12T00:17:29.007+0000] {dag.py:3089} INFO - Sync 1 DAGs
[2026-01-12T00:17:29.040+0000] {logging_mixin.py:188} INFO - [2026-01-12T00:17:29.040+0000] {dag.py:3947} INFO - Setting next_dagrun for spotify_minio_to_snowflake_bronze to 2026-01-12 00:00:00+00:00, run_after=2026-01-12 01:00:00+00:00
[2026-01-12T00:17:29.071+0000] {processor.py:183} INFO - Processing /opt/airflow/dags/minio-to-kafka.py took 1.439 seconds
[2026-01-12T00:17:59.402+0000] {processor.py:161} INFO - Started process (PID=908) to work on /opt/airflow/dags/minio-to-kafka.py
[2026-01-12T00:17:59.404+0000] {processor.py:830} INFO - Processing file /opt/airflow/dags/minio-to-kafka.py for tasks to queue
[2026-01-12T00:17:59.407+0000] {logging_mixin.py:188} INFO - [2026-01-12T00:17:59.406+0000] {dagbag.py:545} INFO - Filling up the DagBag from /opt/airflow/dags/minio-to-kafka.py
[2026-01-12T00:18:00.570+0000] {processor.py:840} INFO - DAG(s) 'spotify_minio_to_snowflake_bronze' retrieved from /opt/airflow/dags/minio-to-kafka.py
[2026-01-12T00:18:00.607+0000] {logging_mixin.py:188} INFO - [2026-01-12T00:18:00.607+0000] {dag.py:3089} INFO - Sync 1 DAGs
[2026-01-12T00:18:00.637+0000] {logging_mixin.py:188} INFO - [2026-01-12T00:18:00.636+0000] {dag.py:3947} INFO - Setting next_dagrun for spotify_minio_to_snowflake_bronze to 2026-01-12 00:00:00+00:00, run_after=2026-01-12 01:00:00+00:00
[2026-01-12T00:18:00.661+0000] {processor.py:183} INFO - Processing /opt/airflow/dags/minio-to-kafka.py took 1.268 seconds
[2026-01-12T00:18:31.375+0000] {processor.py:161} INFO - Started process (PID=911) to work on /opt/airflow/dags/minio-to-kafka.py
[2026-01-12T00:18:31.377+0000] {processor.py:830} INFO - Processing file /opt/airflow/dags/minio-to-kafka.py for tasks to queue
[2026-01-12T00:18:31.379+0000] {logging_mixin.py:188} INFO - [2026-01-12T00:18:31.379+0000] {dagbag.py:545} INFO - Filling up the DagBag from /opt/airflow/dags/minio-to-kafka.py
[2026-01-12T00:18:32.570+0000] {processor.py:840} INFO - DAG(s) 'spotify_minio_to_snowflake_bronze' retrieved from /opt/airflow/dags/minio-to-kafka.py
[2026-01-12T00:18:32.608+0000] {logging_mixin.py:188} INFO - [2026-01-12T00:18:32.608+0000] {dag.py:3089} INFO - Sync 1 DAGs
[2026-01-12T00:18:32.637+0000] {logging_mixin.py:188} INFO - [2026-01-12T00:18:32.637+0000] {dag.py:3947} INFO - Setting next_dagrun for spotify_minio_to_snowflake_bronze to 2026-01-12 00:00:00+00:00, run_after=2026-01-12 01:00:00+00:00
[2026-01-12T00:18:32.671+0000] {processor.py:183} INFO - Processing /opt/airflow/dags/minio-to-kafka.py took 1.304 seconds
[2026-01-12T00:20:51.521+0000] {processor.py:161} INFO - Started process (PID=914) to work on /opt/airflow/dags/minio-to-kafka.py
[2026-01-12T00:20:51.523+0000] {processor.py:830} INFO - Processing file /opt/airflow/dags/minio-to-kafka.py for tasks to queue
[2026-01-12T00:20:51.527+0000] {logging_mixin.py:188} INFO - [2026-01-12T00:20:51.526+0000] {dagbag.py:545} INFO - Filling up the DagBag from /opt/airflow/dags/minio-to-kafka.py
[2026-01-12T00:24:22.339+0000] {processor.py:161} INFO - Started process (PID=916) to work on /opt/airflow/dags/minio-to-kafka.py
[2026-01-12T00:24:22.340+0000] {processor.py:830} INFO - Processing file /opt/airflow/dags/minio-to-kafka.py for tasks to queue
[2026-01-12T00:24:22.344+0000] {logging_mixin.py:188} INFO - [2026-01-12T00:24:22.343+0000] {dagbag.py:545} INFO - Filling up the DagBag from /opt/airflow/dags/minio-to-kafka.py
[2026-01-12T00:24:23.949+0000] {processor.py:840} INFO - DAG(s) 'spotify_minio_to_snowflake_bronze' retrieved from /opt/airflow/dags/minio-to-kafka.py
[2026-01-12T00:24:23.994+0000] {logging_mixin.py:188} INFO - [2026-01-12T00:24:23.993+0000] {dag.py:3089} INFO - Sync 1 DAGs
[2026-01-12T00:24:24.036+0000] {logging_mixin.py:188} INFO - [2026-01-12T00:24:24.036+0000] {dag.py:3947} INFO - Setting next_dagrun for spotify_minio_to_snowflake_bronze to 2026-01-12 00:00:00+00:00, run_after=2026-01-12 01:00:00+00:00
[2026-01-12T00:24:24.064+0000] {processor.py:183} INFO - Processing /opt/airflow/dags/minio-to-kafka.py took 1.583 seconds
[2026-01-12T00:24:54.518+0000] {processor.py:161} INFO - Started process (PID=919) to work on /opt/airflow/dags/minio-to-kafka.py
[2026-01-12T00:24:54.519+0000] {processor.py:830} INFO - Processing file /opt/airflow/dags/minio-to-kafka.py for tasks to queue
[2026-01-12T00:24:54.522+0000] {logging_mixin.py:188} INFO - [2026-01-12T00:24:54.522+0000] {dagbag.py:545} INFO - Filling up the DagBag from /opt/airflow/dags/minio-to-kafka.py
[2026-01-12T00:24:55.691+0000] {processor.py:840} INFO - DAG(s) 'spotify_minio_to_snowflake_bronze' retrieved from /opt/airflow/dags/minio-to-kafka.py
[2026-01-12T00:24:55.738+0000] {logging_mixin.py:188} INFO - [2026-01-12T00:24:55.737+0000] {dag.py:3089} INFO - Sync 1 DAGs
[2026-01-12T00:24:55.768+0000] {logging_mixin.py:188} INFO - [2026-01-12T00:24:55.767+0000] {dag.py:3947} INFO - Setting next_dagrun for spotify_minio_to_snowflake_bronze to 2026-01-12 00:00:00+00:00, run_after=2026-01-12 01:00:00+00:00
[2026-01-12T00:24:55.795+0000] {processor.py:183} INFO - Processing /opt/airflow/dags/minio-to-kafka.py took 1.287 seconds
[2026-01-12T00:25:25.976+0000] {processor.py:161} INFO - Started process (PID=922) to work on /opt/airflow/dags/minio-to-kafka.py
[2026-01-12T00:25:25.978+0000] {processor.py:830} INFO - Processing file /opt/airflow/dags/minio-to-kafka.py for tasks to queue
[2026-01-12T00:25:25.980+0000] {logging_mixin.py:188} INFO - [2026-01-12T00:25:25.980+0000] {dagbag.py:545} INFO - Filling up the DagBag from /opt/airflow/dags/minio-to-kafka.py
[2026-01-12T00:25:27.212+0000] {processor.py:840} INFO - DAG(s) 'spotify_minio_to_snowflake_bronze' retrieved from /opt/airflow/dags/minio-to-kafka.py
[2026-01-12T00:25:27.253+0000] {logging_mixin.py:188} INFO - [2026-01-12T00:25:27.253+0000] {dag.py:3089} INFO - Sync 1 DAGs
[2026-01-12T00:25:27.287+0000] {logging_mixin.py:188} INFO - [2026-01-12T00:25:27.286+0000] {dag.py:3947} INFO - Setting next_dagrun for spotify_minio_to_snowflake_bronze to 2026-01-12 00:00:00+00:00, run_after=2026-01-12 01:00:00+00:00
[2026-01-12T00:25:27.316+0000] {processor.py:183} INFO - Processing /opt/airflow/dags/minio-to-kafka.py took 1.348 seconds
[2026-01-12T00:25:58.776+0000] {processor.py:161} INFO - Started process (PID=925) to work on /opt/airflow/dags/minio-to-kafka.py
[2026-01-12T00:25:58.778+0000] {processor.py:830} INFO - Processing file /opt/airflow/dags/minio-to-kafka.py for tasks to queue
[2026-01-12T00:25:58.781+0000] {logging_mixin.py:188} INFO - [2026-01-12T00:25:58.781+0000] {dagbag.py:545} INFO - Filling up the DagBag from /opt/airflow/dags/minio-to-kafka.py
[2026-01-12T00:26:00.102+0000] {processor.py:840} INFO - DAG(s) 'spotify_minio_to_snowflake_bronze' retrieved from /opt/airflow/dags/minio-to-kafka.py
[2026-01-12T00:26:00.142+0000] {logging_mixin.py:188} INFO - [2026-01-12T00:26:00.141+0000] {dag.py:3089} INFO - Sync 1 DAGs
[2026-01-12T00:26:00.177+0000] {logging_mixin.py:188} INFO - [2026-01-12T00:26:00.176+0000] {dag.py:3947} INFO - Setting next_dagrun for spotify_minio_to_snowflake_bronze to 2026-01-12 00:00:00+00:00, run_after=2026-01-12 01:00:00+00:00
[2026-01-12T00:26:00.209+0000] {processor.py:183} INFO - Processing /opt/airflow/dags/minio-to-kafka.py took 1.441 seconds
[2026-01-12T00:26:30.614+0000] {processor.py:161} INFO - Started process (PID=928) to work on /opt/airflow/dags/minio-to-kafka.py
[2026-01-12T00:26:30.615+0000] {processor.py:830} INFO - Processing file /opt/airflow/dags/minio-to-kafka.py for tasks to queue
[2026-01-12T00:26:30.618+0000] {logging_mixin.py:188} INFO - [2026-01-12T00:26:30.618+0000] {dagbag.py:545} INFO - Filling up the DagBag from /opt/airflow/dags/minio-to-kafka.py
[2026-01-12T00:26:31.849+0000] {processor.py:840} INFO - DAG(s) 'spotify_minio_to_snowflake_bronze' retrieved from /opt/airflow/dags/minio-to-kafka.py
[2026-01-12T00:26:31.884+0000] {logging_mixin.py:188} INFO - [2026-01-12T00:26:31.883+0000] {dag.py:3089} INFO - Sync 1 DAGs
[2026-01-12T00:26:31.914+0000] {logging_mixin.py:188} INFO - [2026-01-12T00:26:31.914+0000] {dag.py:3947} INFO - Setting next_dagrun for spotify_minio_to_snowflake_bronze to 2026-01-12 00:00:00+00:00, run_after=2026-01-12 01:00:00+00:00
[2026-01-12T00:26:31.942+0000] {processor.py:183} INFO - Processing /opt/airflow/dags/minio-to-kafka.py took 1.337 seconds
[2026-01-12T00:27:02.291+0000] {processor.py:161} INFO - Started process (PID=931) to work on /opt/airflow/dags/minio-to-kafka.py
[2026-01-12T00:27:02.293+0000] {processor.py:830} INFO - Processing file /opt/airflow/dags/minio-to-kafka.py for tasks to queue
[2026-01-12T00:27:02.296+0000] {logging_mixin.py:188} INFO - [2026-01-12T00:27:02.295+0000] {dagbag.py:545} INFO - Filling up the DagBag from /opt/airflow/dags/minio-to-kafka.py
[2026-01-12T00:27:03.543+0000] {processor.py:840} INFO - DAG(s) 'spotify_minio_to_snowflake_bronze' retrieved from /opt/airflow/dags/minio-to-kafka.py
[2026-01-12T00:27:03.583+0000] {logging_mixin.py:188} INFO - [2026-01-12T00:27:03.582+0000] {dag.py:3089} INFO - Sync 1 DAGs
[2026-01-12T00:27:03.615+0000] {logging_mixin.py:188} INFO - [2026-01-12T00:27:03.614+0000] {dag.py:3947} INFO - Setting next_dagrun for spotify_minio_to_snowflake_bronze to 2026-01-12 00:00:00+00:00, run_after=2026-01-12 01:00:00+00:00
[2026-01-12T00:27:03.650+0000] {processor.py:183} INFO - Processing /opt/airflow/dags/minio-to-kafka.py took 1.368 seconds
[2026-01-12T00:27:34.558+0000] {processor.py:161} INFO - Started process (PID=934) to work on /opt/airflow/dags/minio-to-kafka.py
[2026-01-12T00:27:34.560+0000] {processor.py:830} INFO - Processing file /opt/airflow/dags/minio-to-kafka.py for tasks to queue
[2026-01-12T00:27:34.562+0000] {logging_mixin.py:188} INFO - [2026-01-12T00:27:34.562+0000] {dagbag.py:545} INFO - Filling up the DagBag from /opt/airflow/dags/minio-to-kafka.py
[2026-01-12T00:27:35.821+0000] {processor.py:840} INFO - DAG(s) 'spotify_minio_to_snowflake_bronze' retrieved from /opt/airflow/dags/minio-to-kafka.py
[2026-01-12T00:27:35.861+0000] {logging_mixin.py:188} INFO - [2026-01-12T00:27:35.860+0000] {dag.py:3089} INFO - Sync 1 DAGs
[2026-01-12T00:27:35.895+0000] {logging_mixin.py:188} INFO - [2026-01-12T00:27:35.895+0000] {dag.py:3947} INFO - Setting next_dagrun for spotify_minio_to_snowflake_bronze to 2026-01-12 00:00:00+00:00, run_after=2026-01-12 01:00:00+00:00
[2026-01-12T00:27:35.928+0000] {processor.py:183} INFO - Processing /opt/airflow/dags/minio-to-kafka.py took 1.377 seconds
[2026-01-12T00:28:06.369+0000] {processor.py:161} INFO - Started process (PID=937) to work on /opt/airflow/dags/minio-to-kafka.py
[2026-01-12T00:28:06.370+0000] {processor.py:830} INFO - Processing file /opt/airflow/dags/minio-to-kafka.py for tasks to queue
[2026-01-12T00:28:06.373+0000] {logging_mixin.py:188} INFO - [2026-01-12T00:28:06.372+0000] {dagbag.py:545} INFO - Filling up the DagBag from /opt/airflow/dags/minio-to-kafka.py
[2026-01-12T00:28:07.582+0000] {processor.py:840} INFO - DAG(s) 'spotify_minio_to_snowflake_bronze' retrieved from /opt/airflow/dags/minio-to-kafka.py
[2026-01-12T00:28:07.620+0000] {logging_mixin.py:188} INFO - [2026-01-12T00:28:07.619+0000] {dag.py:3089} INFO - Sync 1 DAGs
[2026-01-12T00:28:07.653+0000] {logging_mixin.py:188} INFO - [2026-01-12T00:28:07.653+0000] {dag.py:3947} INFO - Setting next_dagrun for spotify_minio_to_snowflake_bronze to 2026-01-12 00:00:00+00:00, run_after=2026-01-12 01:00:00+00:00
[2026-01-12T00:28:07.684+0000] {processor.py:183} INFO - Processing /opt/airflow/dags/minio-to-kafka.py took 1.324 seconds
[2026-01-12T00:28:38.289+0000] {processor.py:161} INFO - Started process (PID=940) to work on /opt/airflow/dags/minio-to-kafka.py
[2026-01-12T00:28:38.291+0000] {processor.py:830} INFO - Processing file /opt/airflow/dags/minio-to-kafka.py for tasks to queue
[2026-01-12T00:28:38.294+0000] {logging_mixin.py:188} INFO - [2026-01-12T00:28:38.293+0000] {dagbag.py:545} INFO - Filling up the DagBag from /opt/airflow/dags/minio-to-kafka.py
[2026-01-12T00:28:39.478+0000] {processor.py:840} INFO - DAG(s) 'spotify_minio_to_snowflake_bronze' retrieved from /opt/airflow/dags/minio-to-kafka.py
[2026-01-12T00:28:39.516+0000] {logging_mixin.py:188} INFO - [2026-01-12T00:28:39.515+0000] {dag.py:3089} INFO - Sync 1 DAGs
[2026-01-12T00:28:39.550+0000] {logging_mixin.py:188} INFO - [2026-01-12T00:28:39.550+0000] {dag.py:3947} INFO - Setting next_dagrun for spotify_minio_to_snowflake_bronze to 2026-01-12 00:00:00+00:00, run_after=2026-01-12 01:00:00+00:00
[2026-01-12T00:28:39.578+0000] {processor.py:183} INFO - Processing /opt/airflow/dags/minio-to-kafka.py took 1.299 seconds
[2026-01-12T00:29:09.974+0000] {processor.py:161} INFO - Started process (PID=943) to work on /opt/airflow/dags/minio-to-kafka.py
[2026-01-12T00:29:09.976+0000] {processor.py:830} INFO - Processing file /opt/airflow/dags/minio-to-kafka.py for tasks to queue
[2026-01-12T00:29:09.979+0000] {logging_mixin.py:188} INFO - [2026-01-12T00:29:09.978+0000] {dagbag.py:545} INFO - Filling up the DagBag from /opt/airflow/dags/minio-to-kafka.py
[2026-01-12T00:29:11.377+0000] {processor.py:840} INFO - DAG(s) 'spotify_minio_to_snowflake_bronze' retrieved from /opt/airflow/dags/minio-to-kafka.py
[2026-01-12T00:29:11.431+0000] {logging_mixin.py:188} INFO - [2026-01-12T00:29:11.430+0000] {dag.py:3089} INFO - Sync 1 DAGs
[2026-01-12T00:29:11.468+0000] {logging_mixin.py:188} INFO - [2026-01-12T00:29:11.468+0000] {dag.py:3947} INFO - Setting next_dagrun for spotify_minio_to_snowflake_bronze to 2026-01-12 00:00:00+00:00, run_after=2026-01-12 01:00:00+00:00
[2026-01-12T00:29:11.503+0000] {processor.py:183} INFO - Processing /opt/airflow/dags/minio-to-kafka.py took 1.538 seconds
[2026-01-12T00:29:41.699+0000] {processor.py:161} INFO - Started process (PID=946) to work on /opt/airflow/dags/minio-to-kafka.py
[2026-01-12T00:29:41.701+0000] {processor.py:830} INFO - Processing file /opt/airflow/dags/minio-to-kafka.py for tasks to queue
[2026-01-12T00:29:41.704+0000] {logging_mixin.py:188} INFO - [2026-01-12T00:29:41.704+0000] {dagbag.py:545} INFO - Filling up the DagBag from /opt/airflow/dags/minio-to-kafka.py
[2026-01-12T00:29:42.950+0000] {processor.py:840} INFO - DAG(s) 'spotify_minio_to_snowflake_bronze' retrieved from /opt/airflow/dags/minio-to-kafka.py
[2026-01-12T00:29:42.994+0000] {logging_mixin.py:188} INFO - [2026-01-12T00:29:42.993+0000] {dag.py:3089} INFO - Sync 1 DAGs
[2026-01-12T00:29:43.031+0000] {logging_mixin.py:188} INFO - [2026-01-12T00:29:43.031+0000] {dag.py:3947} INFO - Setting next_dagrun for spotify_minio_to_snowflake_bronze to 2026-01-12 00:00:00+00:00, run_after=2026-01-12 01:00:00+00:00
[2026-01-12T00:29:43.065+0000] {processor.py:183} INFO - Processing /opt/airflow/dags/minio-to-kafka.py took 1.378 seconds
[2026-01-12T00:30:13.794+0000] {processor.py:161} INFO - Started process (PID=949) to work on /opt/airflow/dags/minio-to-kafka.py
[2026-01-12T00:30:13.797+0000] {processor.py:830} INFO - Processing file /opt/airflow/dags/minio-to-kafka.py for tasks to queue
[2026-01-12T00:30:13.801+0000] {logging_mixin.py:188} INFO - [2026-01-12T00:30:13.800+0000] {dagbag.py:545} INFO - Filling up the DagBag from /opt/airflow/dags/minio-to-kafka.py
[2026-01-12T00:30:15.286+0000] {processor.py:840} INFO - DAG(s) 'spotify_minio_to_snowflake_bronze' retrieved from /opt/airflow/dags/minio-to-kafka.py
[2026-01-12T00:30:15.325+0000] {logging_mixin.py:188} INFO - [2026-01-12T00:30:15.324+0000] {dag.py:3089} INFO - Sync 1 DAGs
[2026-01-12T00:30:15.364+0000] {logging_mixin.py:188} INFO - [2026-01-12T00:30:15.363+0000] {dag.py:3947} INFO - Setting next_dagrun for spotify_minio_to_snowflake_bronze to 2026-01-12 00:00:00+00:00, run_after=2026-01-12 01:00:00+00:00
[2026-01-12T00:30:15.404+0000] {processor.py:183} INFO - Processing /opt/airflow/dags/minio-to-kafka.py took 1.627 seconds
[2026-01-12T00:30:46.007+0000] {processor.py:161} INFO - Started process (PID=952) to work on /opt/airflow/dags/minio-to-kafka.py
[2026-01-12T00:30:46.009+0000] {processor.py:830} INFO - Processing file /opt/airflow/dags/minio-to-kafka.py for tasks to queue
[2026-01-12T00:30:46.012+0000] {logging_mixin.py:188} INFO - [2026-01-12T00:30:46.011+0000] {dagbag.py:545} INFO - Filling up the DagBag from /opt/airflow/dags/minio-to-kafka.py
[2026-01-12T00:30:47.296+0000] {processor.py:840} INFO - DAG(s) 'spotify_minio_to_snowflake_bronze' retrieved from /opt/airflow/dags/minio-to-kafka.py
[2026-01-12T00:30:47.337+0000] {logging_mixin.py:188} INFO - [2026-01-12T00:30:47.337+0000] {dag.py:3089} INFO - Sync 1 DAGs
[2026-01-12T00:30:47.373+0000] {logging_mixin.py:188} INFO - [2026-01-12T00:30:47.373+0000] {dag.py:3947} INFO - Setting next_dagrun for spotify_minio_to_snowflake_bronze to 2026-01-12 00:00:00+00:00, run_after=2026-01-12 01:00:00+00:00
[2026-01-12T00:30:47.404+0000] {processor.py:183} INFO - Processing /opt/airflow/dags/minio-to-kafka.py took 1.409 seconds
[2026-01-12T00:31:18.778+0000] {processor.py:161} INFO - Started process (PID=955) to work on /opt/airflow/dags/minio-to-kafka.py
[2026-01-12T00:31:18.780+0000] {processor.py:830} INFO - Processing file /opt/airflow/dags/minio-to-kafka.py for tasks to queue
[2026-01-12T00:31:18.783+0000] {logging_mixin.py:188} INFO - [2026-01-12T00:31:18.782+0000] {dagbag.py:545} INFO - Filling up the DagBag from /opt/airflow/dags/minio-to-kafka.py
[2026-01-12T00:31:20.047+0000] {processor.py:840} INFO - DAG(s) 'spotify_minio_to_snowflake_bronze' retrieved from /opt/airflow/dags/minio-to-kafka.py
[2026-01-12T00:31:20.095+0000] {logging_mixin.py:188} INFO - [2026-01-12T00:31:20.094+0000] {dag.py:3089} INFO - Sync 1 DAGs
[2026-01-12T00:31:20.138+0000] {logging_mixin.py:188} INFO - [2026-01-12T00:31:20.138+0000] {dag.py:3947} INFO - Setting next_dagrun for spotify_minio_to_snowflake_bronze to 2026-01-12 00:00:00+00:00, run_after=2026-01-12 01:00:00+00:00
[2026-01-12T00:31:20.173+0000] {processor.py:183} INFO - Processing /opt/airflow/dags/minio-to-kafka.py took 1.405 seconds
[2026-01-12T00:31:50.915+0000] {processor.py:161} INFO - Started process (PID=958) to work on /opt/airflow/dags/minio-to-kafka.py
[2026-01-12T00:31:50.916+0000] {processor.py:830} INFO - Processing file /opt/airflow/dags/minio-to-kafka.py for tasks to queue
[2026-01-12T00:31:50.920+0000] {logging_mixin.py:188} INFO - [2026-01-12T00:31:50.919+0000] {dagbag.py:545} INFO - Filling up the DagBag from /opt/airflow/dags/minio-to-kafka.py
[2026-01-12T00:31:52.240+0000] {processor.py:840} INFO - DAG(s) 'spotify_minio_to_snowflake_bronze' retrieved from /opt/airflow/dags/minio-to-kafka.py
[2026-01-12T00:31:52.282+0000] {logging_mixin.py:188} INFO - [2026-01-12T00:31:52.281+0000] {dag.py:3089} INFO - Sync 1 DAGs
[2026-01-12T00:31:52.319+0000] {logging_mixin.py:188} INFO - [2026-01-12T00:31:52.319+0000] {dag.py:3947} INFO - Setting next_dagrun for spotify_minio_to_snowflake_bronze to 2026-01-12 00:00:00+00:00, run_after=2026-01-12 01:00:00+00:00
[2026-01-12T00:31:52.348+0000] {processor.py:183} INFO - Processing /opt/airflow/dags/minio-to-kafka.py took 1.442 seconds
[2026-01-12T00:32:23.760+0000] {processor.py:161} INFO - Started process (PID=961) to work on /opt/airflow/dags/minio-to-kafka.py
[2026-01-12T00:32:23.762+0000] {processor.py:830} INFO - Processing file /opt/airflow/dags/minio-to-kafka.py for tasks to queue
[2026-01-12T00:32:23.768+0000] {logging_mixin.py:188} INFO - [2026-01-12T00:32:23.767+0000] {dagbag.py:545} INFO - Filling up the DagBag from /opt/airflow/dags/minio-to-kafka.py
[2026-01-12T00:32:25.038+0000] {processor.py:840} INFO - DAG(s) 'spotify_minio_to_snowflake_bronze' retrieved from /opt/airflow/dags/minio-to-kafka.py
[2026-01-12T00:32:25.075+0000] {logging_mixin.py:188} INFO - [2026-01-12T00:32:25.075+0000] {dag.py:3089} INFO - Sync 1 DAGs
[2026-01-12T00:32:25.107+0000] {logging_mixin.py:188} INFO - [2026-01-12T00:32:25.107+0000] {dag.py:3947} INFO - Setting next_dagrun for spotify_minio_to_snowflake_bronze to 2026-01-12 00:00:00+00:00, run_after=2026-01-12 01:00:00+00:00
[2026-01-12T00:32:25.145+0000] {processor.py:183} INFO - Processing /opt/airflow/dags/minio-to-kafka.py took 1.396 seconds
[2026-01-12T00:32:56.668+0000] {processor.py:161} INFO - Started process (PID=964) to work on /opt/airflow/dags/minio-to-kafka.py
[2026-01-12T00:32:56.669+0000] {processor.py:830} INFO - Processing file /opt/airflow/dags/minio-to-kafka.py for tasks to queue
[2026-01-12T00:32:56.672+0000] {logging_mixin.py:188} INFO - [2026-01-12T00:32:56.672+0000] {dagbag.py:545} INFO - Filling up the DagBag from /opt/airflow/dags/minio-to-kafka.py
[2026-01-12T00:32:57.992+0000] {processor.py:840} INFO - DAG(s) 'spotify_minio_to_snowflake_bronze' retrieved from /opt/airflow/dags/minio-to-kafka.py
[2026-01-12T00:32:58.027+0000] {logging_mixin.py:188} INFO - [2026-01-12T00:32:58.026+0000] {dag.py:3089} INFO - Sync 1 DAGs
[2026-01-12T00:32:58.056+0000] {logging_mixin.py:188} INFO - [2026-01-12T00:32:58.056+0000] {dag.py:3947} INFO - Setting next_dagrun for spotify_minio_to_snowflake_bronze to 2026-01-12 00:00:00+00:00, run_after=2026-01-12 01:00:00+00:00
[2026-01-12T00:32:58.083+0000] {processor.py:183} INFO - Processing /opt/airflow/dags/minio-to-kafka.py took 1.425 seconds
[2026-01-12T00:33:28.715+0000] {processor.py:161} INFO - Started process (PID=967) to work on /opt/airflow/dags/minio-to-kafka.py
[2026-01-12T00:33:28.716+0000] {processor.py:830} INFO - Processing file /opt/airflow/dags/minio-to-kafka.py for tasks to queue
[2026-01-12T00:33:28.719+0000] {logging_mixin.py:188} INFO - [2026-01-12T00:33:28.719+0000] {dagbag.py:545} INFO - Filling up the DagBag from /opt/airflow/dags/minio-to-kafka.py
[2026-01-12T00:33:30.068+0000] {processor.py:840} INFO - DAG(s) 'spotify_minio_to_snowflake_bronze' retrieved from /opt/airflow/dags/minio-to-kafka.py
[2026-01-12T00:33:30.114+0000] {logging_mixin.py:188} INFO - [2026-01-12T00:33:30.113+0000] {dag.py:3089} INFO - Sync 1 DAGs
[2026-01-12T00:33:30.151+0000] {logging_mixin.py:188} INFO - [2026-01-12T00:33:30.151+0000] {dag.py:3947} INFO - Setting next_dagrun for spotify_minio_to_snowflake_bronze to 2026-01-12 00:00:00+00:00, run_after=2026-01-12 01:00:00+00:00
[2026-01-12T00:33:30.184+0000] {processor.py:183} INFO - Processing /opt/airflow/dags/minio-to-kafka.py took 1.478 seconds
[2026-01-12T00:34:01.854+0000] {processor.py:161} INFO - Started process (PID=970) to work on /opt/airflow/dags/minio-to-kafka.py
[2026-01-12T00:34:01.856+0000] {processor.py:830} INFO - Processing file /opt/airflow/dags/minio-to-kafka.py for tasks to queue
[2026-01-12T00:34:01.861+0000] {logging_mixin.py:188} INFO - [2026-01-12T00:34:01.861+0000] {dagbag.py:545} INFO - Filling up the DagBag from /opt/airflow/dags/minio-to-kafka.py
[2026-01-12T00:34:03.211+0000] {processor.py:840} INFO - DAG(s) 'spotify_minio_to_snowflake_bronze' retrieved from /opt/airflow/dags/minio-to-kafka.py
[2026-01-12T00:34:03.262+0000] {logging_mixin.py:188} INFO - [2026-01-12T00:34:03.261+0000] {dag.py:3089} INFO - Sync 1 DAGs
[2026-01-12T00:34:03.302+0000] {logging_mixin.py:188} INFO - [2026-01-12T00:34:03.302+0000] {dag.py:3947} INFO - Setting next_dagrun for spotify_minio_to_snowflake_bronze to 2026-01-12 00:00:00+00:00, run_after=2026-01-12 01:00:00+00:00
[2026-01-12T00:34:03.337+0000] {processor.py:183} INFO - Processing /opt/airflow/dags/minio-to-kafka.py took 1.494 seconds
[2026-01-12T00:34:33.669+0000] {processor.py:161} INFO - Started process (PID=973) to work on /opt/airflow/dags/minio-to-kafka.py
[2026-01-12T00:34:33.671+0000] {processor.py:830} INFO - Processing file /opt/airflow/dags/minio-to-kafka.py for tasks to queue
[2026-01-12T00:34:33.675+0000] {logging_mixin.py:188} INFO - [2026-01-12T00:34:33.675+0000] {dagbag.py:545} INFO - Filling up the DagBag from /opt/airflow/dags/minio-to-kafka.py
[2026-01-12T00:34:34.992+0000] {processor.py:840} INFO - DAG(s) 'spotify_minio_to_snowflake_bronze' retrieved from /opt/airflow/dags/minio-to-kafka.py
[2026-01-12T00:34:35.027+0000] {logging_mixin.py:188} INFO - [2026-01-12T00:34:35.027+0000] {dag.py:3089} INFO - Sync 1 DAGs
[2026-01-12T00:34:35.086+0000] {logging_mixin.py:188} INFO - [2026-01-12T00:34:35.085+0000] {dag.py:3947} INFO - Setting next_dagrun for spotify_minio_to_snowflake_bronze to 2026-01-12 00:00:00+00:00, run_after=2026-01-12 01:00:00+00:00
[2026-01-12T00:34:35.121+0000] {processor.py:183} INFO - Processing /opt/airflow/dags/minio-to-kafka.py took 1.461 seconds
[2026-01-12T00:35:06.829+0000] {processor.py:161} INFO - Started process (PID=976) to work on /opt/airflow/dags/minio-to-kafka.py
[2026-01-12T00:35:06.831+0000] {processor.py:830} INFO - Processing file /opt/airflow/dags/minio-to-kafka.py for tasks to queue
[2026-01-12T00:35:06.834+0000] {logging_mixin.py:188} INFO - [2026-01-12T00:35:06.833+0000] {dagbag.py:545} INFO - Filling up the DagBag from /opt/airflow/dags/minio-to-kafka.py
[2026-01-12T00:35:07.980+0000] {processor.py:840} INFO - DAG(s) 'spotify_minio_to_snowflake_bronze' retrieved from /opt/airflow/dags/minio-to-kafka.py
[2026-01-12T00:35:08.015+0000] {logging_mixin.py:188} INFO - [2026-01-12T00:35:08.015+0000] {dag.py:3089} INFO - Sync 1 DAGs
[2026-01-12T00:35:08.052+0000] {logging_mixin.py:188} INFO - [2026-01-12T00:35:08.052+0000] {dag.py:3947} INFO - Setting next_dagrun for spotify_minio_to_snowflake_bronze to 2026-01-12 00:00:00+00:00, run_after=2026-01-12 01:00:00+00:00
[2026-01-12T00:35:08.079+0000] {processor.py:183} INFO - Processing /opt/airflow/dags/minio-to-kafka.py took 1.258 seconds
[2026-01-12T00:35:39.026+0000] {processor.py:161} INFO - Started process (PID=979) to work on /opt/airflow/dags/minio-to-kafka.py
[2026-01-12T00:35:39.027+0000] {processor.py:830} INFO - Processing file /opt/airflow/dags/minio-to-kafka.py for tasks to queue
[2026-01-12T00:35:39.031+0000] {logging_mixin.py:188} INFO - [2026-01-12T00:35:39.030+0000] {dagbag.py:545} INFO - Filling up the DagBag from /opt/airflow/dags/minio-to-kafka.py
[2026-01-12T00:35:40.273+0000] {processor.py:840} INFO - DAG(s) 'spotify_minio_to_snowflake_bronze' retrieved from /opt/airflow/dags/minio-to-kafka.py
[2026-01-12T00:35:40.313+0000] {logging_mixin.py:188} INFO - [2026-01-12T00:35:40.313+0000] {dag.py:3089} INFO - Sync 1 DAGs
[2026-01-12T00:35:40.349+0000] {logging_mixin.py:188} INFO - [2026-01-12T00:35:40.349+0000] {dag.py:3947} INFO - Setting next_dagrun for spotify_minio_to_snowflake_bronze to 2026-01-12 00:00:00+00:00, run_after=2026-01-12 01:00:00+00:00
[2026-01-12T00:35:40.378+0000] {processor.py:183} INFO - Processing /opt/airflow/dags/minio-to-kafka.py took 1.361 seconds
[2026-01-12T00:36:11.785+0000] {processor.py:161} INFO - Started process (PID=982) to work on /opt/airflow/dags/minio-to-kafka.py
[2026-01-12T00:36:11.788+0000] {processor.py:830} INFO - Processing file /opt/airflow/dags/minio-to-kafka.py for tasks to queue
[2026-01-12T00:36:11.792+0000] {logging_mixin.py:188} INFO - [2026-01-12T00:36:11.791+0000] {dagbag.py:545} INFO - Filling up the DagBag from /opt/airflow/dags/minio-to-kafka.py
[2026-01-12T00:36:13.092+0000] {processor.py:840} INFO - DAG(s) 'spotify_minio_to_snowflake_bronze' retrieved from /opt/airflow/dags/minio-to-kafka.py
[2026-01-12T00:36:13.124+0000] {logging_mixin.py:188} INFO - [2026-01-12T00:36:13.124+0000] {dag.py:3089} INFO - Sync 1 DAGs
[2026-01-12T00:36:13.157+0000] {logging_mixin.py:188} INFO - [2026-01-12T00:36:13.156+0000] {dag.py:3947} INFO - Setting next_dagrun for spotify_minio_to_snowflake_bronze to 2026-01-12 00:00:00+00:00, run_after=2026-01-12 01:00:00+00:00
[2026-01-12T00:36:13.189+0000] {processor.py:183} INFO - Processing /opt/airflow/dags/minio-to-kafka.py took 1.417 seconds
[2026-01-12T00:36:44.105+0000] {processor.py:161} INFO - Started process (PID=985) to work on /opt/airflow/dags/minio-to-kafka.py
[2026-01-12T00:36:44.108+0000] {processor.py:830} INFO - Processing file /opt/airflow/dags/minio-to-kafka.py for tasks to queue
[2026-01-12T00:36:44.113+0000] {logging_mixin.py:188} INFO - [2026-01-12T00:36:44.112+0000] {dagbag.py:545} INFO - Filling up the DagBag from /opt/airflow/dags/minio-to-kafka.py
[2026-01-12T00:36:45.481+0000] {processor.py:840} INFO - DAG(s) 'spotify_minio_to_snowflake_bronze' retrieved from /opt/airflow/dags/minio-to-kafka.py
[2026-01-12T00:36:45.522+0000] {logging_mixin.py:188} INFO - [2026-01-12T00:36:45.522+0000] {dag.py:3089} INFO - Sync 1 DAGs
[2026-01-12T00:36:45.553+0000] {logging_mixin.py:188} INFO - [2026-01-12T00:36:45.553+0000] {dag.py:3947} INFO - Setting next_dagrun for spotify_minio_to_snowflake_bronze to 2026-01-12 00:00:00+00:00, run_after=2026-01-12 01:00:00+00:00
[2026-01-12T00:36:45.579+0000] {processor.py:183} INFO - Processing /opt/airflow/dags/minio-to-kafka.py took 1.487 seconds
[2026-01-12T00:37:17.170+0000] {processor.py:161} INFO - Started process (PID=988) to work on /opt/airflow/dags/minio-to-kafka.py
[2026-01-12T00:37:17.172+0000] {processor.py:830} INFO - Processing file /opt/airflow/dags/minio-to-kafka.py for tasks to queue
[2026-01-12T00:37:17.174+0000] {logging_mixin.py:188} INFO - [2026-01-12T00:37:17.174+0000] {dagbag.py:545} INFO - Filling up the DagBag from /opt/airflow/dags/minio-to-kafka.py
[2026-01-12T00:37:18.246+0000] {processor.py:840} INFO - DAG(s) 'spotify_minio_to_snowflake_bronze' retrieved from /opt/airflow/dags/minio-to-kafka.py
[2026-01-12T00:37:18.291+0000] {logging_mixin.py:188} INFO - [2026-01-12T00:37:18.290+0000] {dag.py:3089} INFO - Sync 1 DAGs
[2026-01-12T00:37:18.319+0000] {logging_mixin.py:188} INFO - [2026-01-12T00:37:18.318+0000] {dag.py:3947} INFO - Setting next_dagrun for spotify_minio_to_snowflake_bronze to 2026-01-12 00:00:00+00:00, run_after=2026-01-12 01:00:00+00:00
[2026-01-12T00:37:18.346+0000] {processor.py:183} INFO - Processing /opt/airflow/dags/minio-to-kafka.py took 1.183 seconds
[2026-01-12T00:37:49.236+0000] {processor.py:161} INFO - Started process (PID=991) to work on /opt/airflow/dags/minio-to-kafka.py
[2026-01-12T00:37:49.238+0000] {processor.py:830} INFO - Processing file /opt/airflow/dags/minio-to-kafka.py for tasks to queue
[2026-01-12T00:37:49.241+0000] {logging_mixin.py:188} INFO - [2026-01-12T00:37:49.241+0000] {dagbag.py:545} INFO - Filling up the DagBag from /opt/airflow/dags/minio-to-kafka.py
[2026-01-12T00:37:50.498+0000] {processor.py:840} INFO - DAG(s) 'spotify_minio_to_snowflake_bronze' retrieved from /opt/airflow/dags/minio-to-kafka.py
[2026-01-12T00:37:50.538+0000] {logging_mixin.py:188} INFO - [2026-01-12T00:37:50.538+0000] {dag.py:3089} INFO - Sync 1 DAGs
[2026-01-12T00:37:50.568+0000] {logging_mixin.py:188} INFO - [2026-01-12T00:37:50.568+0000] {dag.py:3947} INFO - Setting next_dagrun for spotify_minio_to_snowflake_bronze to 2026-01-12 00:00:00+00:00, run_after=2026-01-12 01:00:00+00:00
[2026-01-12T00:37:50.596+0000] {processor.py:183} INFO - Processing /opt/airflow/dags/minio-to-kafka.py took 1.371 seconds
[2026-01-12T00:38:22.150+0000] {processor.py:161} INFO - Started process (PID=994) to work on /opt/airflow/dags/minio-to-kafka.py
[2026-01-12T00:38:22.152+0000] {processor.py:830} INFO - Processing file /opt/airflow/dags/minio-to-kafka.py for tasks to queue
[2026-01-12T00:38:22.155+0000] {logging_mixin.py:188} INFO - [2026-01-12T00:38:22.154+0000] {dagbag.py:545} INFO - Filling up the DagBag from /opt/airflow/dags/minio-to-kafka.py
[2026-01-12T00:38:23.388+0000] {processor.py:840} INFO - DAG(s) 'spotify_minio_to_snowflake_bronze' retrieved from /opt/airflow/dags/minio-to-kafka.py
[2026-01-12T00:38:23.427+0000] {logging_mixin.py:188} INFO - [2026-01-12T00:38:23.426+0000] {dag.py:3089} INFO - Sync 1 DAGs
[2026-01-12T00:38:23.457+0000] {logging_mixin.py:188} INFO - [2026-01-12T00:38:23.457+0000] {dag.py:3947} INFO - Setting next_dagrun for spotify_minio_to_snowflake_bronze to 2026-01-12 00:00:00+00:00, run_after=2026-01-12 01:00:00+00:00
[2026-01-12T00:38:23.487+0000] {processor.py:183} INFO - Processing /opt/airflow/dags/minio-to-kafka.py took 1.346 seconds
[2026-01-12T00:38:54.208+0000] {processor.py:161} INFO - Started process (PID=997) to work on /opt/airflow/dags/minio-to-kafka.py
[2026-01-12T00:38:54.211+0000] {processor.py:830} INFO - Processing file /opt/airflow/dags/minio-to-kafka.py for tasks to queue
[2026-01-12T00:38:54.217+0000] {logging_mixin.py:188} INFO - [2026-01-12T00:38:54.216+0000] {dagbag.py:545} INFO - Filling up the DagBag from /opt/airflow/dags/minio-to-kafka.py
[2026-01-12T00:38:55.626+0000] {processor.py:840} INFO - DAG(s) 'spotify_minio_to_snowflake_bronze' retrieved from /opt/airflow/dags/minio-to-kafka.py
[2026-01-12T00:38:55.661+0000] {logging_mixin.py:188} INFO - [2026-01-12T00:38:55.661+0000] {dag.py:3089} INFO - Sync 1 DAGs
[2026-01-12T00:38:55.695+0000] {logging_mixin.py:188} INFO - [2026-01-12T00:38:55.695+0000] {dag.py:3947} INFO - Setting next_dagrun for spotify_minio_to_snowflake_bronze to 2026-01-12 00:00:00+00:00, run_after=2026-01-12 01:00:00+00:00
[2026-01-12T00:38:55.720+0000] {processor.py:183} INFO - Processing /opt/airflow/dags/minio-to-kafka.py took 1.533 seconds
[2026-01-12T00:39:27.047+0000] {processor.py:161} INFO - Started process (PID=1000) to work on /opt/airflow/dags/minio-to-kafka.py
[2026-01-12T00:39:27.050+0000] {processor.py:830} INFO - Processing file /opt/airflow/dags/minio-to-kafka.py for tasks to queue
[2026-01-12T00:39:27.055+0000] {logging_mixin.py:188} INFO - [2026-01-12T00:39:27.054+0000] {dagbag.py:545} INFO - Filling up the DagBag from /opt/airflow/dags/minio-to-kafka.py
[2026-01-12T00:39:28.335+0000] {processor.py:840} INFO - DAG(s) 'spotify_minio_to_snowflake_bronze' retrieved from /opt/airflow/dags/minio-to-kafka.py
[2026-01-12T00:39:28.375+0000] {logging_mixin.py:188} INFO - [2026-01-12T00:39:28.374+0000] {dag.py:3089} INFO - Sync 1 DAGs
[2026-01-12T00:39:28.406+0000] {logging_mixin.py:188} INFO - [2026-01-12T00:39:28.405+0000] {dag.py:3947} INFO - Setting next_dagrun for spotify_minio_to_snowflake_bronze to 2026-01-12 00:00:00+00:00, run_after=2026-01-12 01:00:00+00:00
[2026-01-12T00:39:28.440+0000] {processor.py:183} INFO - Processing /opt/airflow/dags/minio-to-kafka.py took 1.411 seconds
[2026-01-12T00:39:59.374+0000] {processor.py:161} INFO - Started process (PID=1003) to work on /opt/airflow/dags/minio-to-kafka.py
[2026-01-12T00:39:59.376+0000] {processor.py:830} INFO - Processing file /opt/airflow/dags/minio-to-kafka.py for tasks to queue
[2026-01-12T00:39:59.379+0000] {logging_mixin.py:188} INFO - [2026-01-12T00:39:59.379+0000] {dagbag.py:545} INFO - Filling up the DagBag from /opt/airflow/dags/minio-to-kafka.py
[2026-01-12T00:40:00.647+0000] {processor.py:840} INFO - DAG(s) 'spotify_minio_to_snowflake_bronze' retrieved from /opt/airflow/dags/minio-to-kafka.py
[2026-01-12T00:40:00.686+0000] {logging_mixin.py:188} INFO - [2026-01-12T00:40:00.686+0000] {dag.py:3089} INFO - Sync 1 DAGs
[2026-01-12T00:40:00.720+0000] {logging_mixin.py:188} INFO - [2026-01-12T00:40:00.720+0000] {dag.py:3947} INFO - Setting next_dagrun for spotify_minio_to_snowflake_bronze to 2026-01-12 00:00:00+00:00, run_after=2026-01-12 01:00:00+00:00
[2026-01-12T00:40:00.757+0000] {processor.py:183} INFO - Processing /opt/airflow/dags/minio-to-kafka.py took 1.394 seconds
[2026-01-12T00:40:32.167+0000] {processor.py:161} INFO - Started process (PID=1006) to work on /opt/airflow/dags/minio-to-kafka.py
[2026-01-12T00:40:32.168+0000] {processor.py:830} INFO - Processing file /opt/airflow/dags/minio-to-kafka.py for tasks to queue
[2026-01-12T00:40:32.171+0000] {logging_mixin.py:188} INFO - [2026-01-12T00:40:32.170+0000] {dagbag.py:545} INFO - Filling up the DagBag from /opt/airflow/dags/minio-to-kafka.py
[2026-01-12T00:40:33.319+0000] {processor.py:840} INFO - DAG(s) 'spotify_minio_to_snowflake_bronze' retrieved from /opt/airflow/dags/minio-to-kafka.py
[2026-01-12T00:40:33.360+0000] {logging_mixin.py:188} INFO - [2026-01-12T00:40:33.359+0000] {dag.py:3089} INFO - Sync 1 DAGs
[2026-01-12T00:40:33.398+0000] {logging_mixin.py:188} INFO - [2026-01-12T00:40:33.397+0000] {dag.py:3947} INFO - Setting next_dagrun for spotify_minio_to_snowflake_bronze to 2026-01-12 00:00:00+00:00, run_after=2026-01-12 01:00:00+00:00
[2026-01-12T00:40:33.426+0000] {processor.py:183} INFO - Processing /opt/airflow/dags/minio-to-kafka.py took 1.268 seconds
[2026-01-12T00:41:04.348+0000] {processor.py:161} INFO - Started process (PID=1009) to work on /opt/airflow/dags/minio-to-kafka.py
[2026-01-12T00:41:04.351+0000] {processor.py:830} INFO - Processing file /opt/airflow/dags/minio-to-kafka.py for tasks to queue
[2026-01-12T00:41:04.354+0000] {logging_mixin.py:188} INFO - [2026-01-12T00:41:04.353+0000] {dagbag.py:545} INFO - Filling up the DagBag from /opt/airflow/dags/minio-to-kafka.py
[2026-01-12T00:41:05.577+0000] {processor.py:840} INFO - DAG(s) 'spotify_minio_to_snowflake_bronze' retrieved from /opt/airflow/dags/minio-to-kafka.py
[2026-01-12T00:41:05.614+0000] {logging_mixin.py:188} INFO - [2026-01-12T00:41:05.613+0000] {dag.py:3089} INFO - Sync 1 DAGs
[2026-01-12T00:41:05.647+0000] {logging_mixin.py:188} INFO - [2026-01-12T00:41:05.646+0000] {dag.py:3947} INFO - Setting next_dagrun for spotify_minio_to_snowflake_bronze to 2026-01-12 00:00:00+00:00, run_after=2026-01-12 01:00:00+00:00
[2026-01-12T00:41:05.678+0000] {processor.py:183} INFO - Processing /opt/airflow/dags/minio-to-kafka.py took 1.345 seconds
[2026-01-12T00:41:37.198+0000] {processor.py:161} INFO - Started process (PID=1012) to work on /opt/airflow/dags/minio-to-kafka.py
[2026-01-12T00:41:37.200+0000] {processor.py:830} INFO - Processing file /opt/airflow/dags/minio-to-kafka.py for tasks to queue
[2026-01-12T00:41:37.203+0000] {logging_mixin.py:188} INFO - [2026-01-12T00:41:37.203+0000] {dagbag.py:545} INFO - Filling up the DagBag from /opt/airflow/dags/minio-to-kafka.py
[2026-01-12T00:41:38.442+0000] {processor.py:840} INFO - DAG(s) 'spotify_minio_to_snowflake_bronze' retrieved from /opt/airflow/dags/minio-to-kafka.py
[2026-01-12T00:41:38.480+0000] {logging_mixin.py:188} INFO - [2026-01-12T00:41:38.479+0000] {dag.py:3089} INFO - Sync 1 DAGs
[2026-01-12T00:41:38.523+0000] {logging_mixin.py:188} INFO - [2026-01-12T00:41:38.523+0000] {dag.py:3947} INFO - Setting next_dagrun for spotify_minio_to_snowflake_bronze to 2026-01-12 00:00:00+00:00, run_after=2026-01-12 01:00:00+00:00
[2026-01-12T00:41:38.552+0000] {processor.py:183} INFO - Processing /opt/airflow/dags/minio-to-kafka.py took 1.364 seconds
[2026-01-12T00:42:10.392+0000] {processor.py:161} INFO - Started process (PID=1015) to work on /opt/airflow/dags/minio-to-kafka.py
[2026-01-12T00:42:10.394+0000] {processor.py:830} INFO - Processing file /opt/airflow/dags/minio-to-kafka.py for tasks to queue
[2026-01-12T00:42:10.397+0000] {logging_mixin.py:188} INFO - [2026-01-12T00:42:10.396+0000] {dagbag.py:545} INFO - Filling up the DagBag from /opt/airflow/dags/minio-to-kafka.py
[2026-01-12T00:42:11.780+0000] {processor.py:840} INFO - DAG(s) 'spotify_minio_to_snowflake_bronze' retrieved from /opt/airflow/dags/minio-to-kafka.py
[2026-01-12T00:42:11.828+0000] {logging_mixin.py:188} INFO - [2026-01-12T00:42:11.828+0000] {dag.py:3089} INFO - Sync 1 DAGs
[2026-01-12T00:42:11.869+0000] {logging_mixin.py:188} INFO - [2026-01-12T00:42:11.869+0000] {dag.py:3947} INFO - Setting next_dagrun for spotify_minio_to_snowflake_bronze to 2026-01-12 00:00:00+00:00, run_after=2026-01-12 01:00:00+00:00
[2026-01-12T00:42:11.907+0000] {processor.py:183} INFO - Processing /opt/airflow/dags/minio-to-kafka.py took 1.524 seconds
[2026-01-12T00:42:42.209+0000] {processor.py:161} INFO - Started process (PID=1018) to work on /opt/airflow/dags/minio-to-kafka.py
[2026-01-12T00:42:42.210+0000] {processor.py:830} INFO - Processing file /opt/airflow/dags/minio-to-kafka.py for tasks to queue
[2026-01-12T00:42:42.213+0000] {logging_mixin.py:188} INFO - [2026-01-12T00:42:42.212+0000] {dagbag.py:545} INFO - Filling up the DagBag from /opt/airflow/dags/minio-to-kafka.py
[2026-01-12T00:42:43.336+0000] {processor.py:840} INFO - DAG(s) 'spotify_minio_to_snowflake_bronze' retrieved from /opt/airflow/dags/minio-to-kafka.py
[2026-01-12T00:42:43.369+0000] {logging_mixin.py:188} INFO - [2026-01-12T00:42:43.368+0000] {dag.py:3089} INFO - Sync 1 DAGs
[2026-01-12T00:42:43.399+0000] {logging_mixin.py:188} INFO - [2026-01-12T00:42:43.398+0000] {dag.py:3947} INFO - Setting next_dagrun for spotify_minio_to_snowflake_bronze to 2026-01-12 00:00:00+00:00, run_after=2026-01-12 01:00:00+00:00
[2026-01-12T00:42:43.426+0000] {processor.py:183} INFO - Processing /opt/airflow/dags/minio-to-kafka.py took 1.226 seconds
[2026-01-12T00:43:14.960+0000] {processor.py:161} INFO - Started process (PID=1021) to work on /opt/airflow/dags/minio-to-kafka.py
[2026-01-12T00:43:14.963+0000] {processor.py:830} INFO - Processing file /opt/airflow/dags/minio-to-kafka.py for tasks to queue
[2026-01-12T00:43:14.965+0000] {logging_mixin.py:188} INFO - [2026-01-12T00:43:14.965+0000] {dagbag.py:545} INFO - Filling up the DagBag from /opt/airflow/dags/minio-to-kafka.py
[2026-01-12T00:43:16.158+0000] {processor.py:840} INFO - DAG(s) 'spotify_minio_to_snowflake_bronze' retrieved from /opt/airflow/dags/minio-to-kafka.py
[2026-01-12T00:43:16.193+0000] {logging_mixin.py:188} INFO - [2026-01-12T00:43:16.192+0000] {dag.py:3089} INFO - Sync 1 DAGs
[2026-01-12T00:43:16.226+0000] {logging_mixin.py:188} INFO - [2026-01-12T00:43:16.226+0000] {dag.py:3947} INFO - Setting next_dagrun for spotify_minio_to_snowflake_bronze to 2026-01-12 00:00:00+00:00, run_after=2026-01-12 01:00:00+00:00
[2026-01-12T00:43:16.263+0000] {processor.py:183} INFO - Processing /opt/airflow/dags/minio-to-kafka.py took 1.313 seconds
[2026-01-12T00:43:47.556+0000] {processor.py:161} INFO - Started process (PID=1024) to work on /opt/airflow/dags/minio-to-kafka.py
[2026-01-12T00:43:47.558+0000] {processor.py:830} INFO - Processing file /opt/airflow/dags/minio-to-kafka.py for tasks to queue
[2026-01-12T00:43:47.561+0000] {logging_mixin.py:188} INFO - [2026-01-12T00:43:47.561+0000] {dagbag.py:545} INFO - Filling up the DagBag from /opt/airflow/dags/minio-to-kafka.py
[2026-01-12T00:43:48.755+0000] {processor.py:840} INFO - DAG(s) 'spotify_minio_to_snowflake_bronze' retrieved from /opt/airflow/dags/minio-to-kafka.py
[2026-01-12T00:43:48.850+0000] {logging_mixin.py:188} INFO - [2026-01-12T00:43:48.849+0000] {dag.py:3089} INFO - Sync 1 DAGs
[2026-01-12T00:43:48.898+0000] {logging_mixin.py:188} INFO - [2026-01-12T00:43:48.897+0000] {dag.py:3947} INFO - Setting next_dagrun for spotify_minio_to_snowflake_bronze to 2026-01-12 00:00:00+00:00, run_after=2026-01-12 01:00:00+00:00
[2026-01-12T00:43:48.950+0000] {processor.py:183} INFO - Processing /opt/airflow/dags/minio-to-kafka.py took 1.406 seconds
[2026-01-12T00:44:20.304+0000] {processor.py:161} INFO - Started process (PID=1027) to work on /opt/airflow/dags/minio-to-kafka.py
[2026-01-12T00:44:20.306+0000] {processor.py:830} INFO - Processing file /opt/airflow/dags/minio-to-kafka.py for tasks to queue
[2026-01-12T00:44:20.308+0000] {logging_mixin.py:188} INFO - [2026-01-12T00:44:20.308+0000] {dagbag.py:545} INFO - Filling up the DagBag from /opt/airflow/dags/minio-to-kafka.py
[2026-01-12T00:44:21.341+0000] {processor.py:840} INFO - DAG(s) 'spotify_minio_to_snowflake_bronze' retrieved from /opt/airflow/dags/minio-to-kafka.py
[2026-01-12T00:44:21.390+0000] {logging_mixin.py:188} INFO - [2026-01-12T00:44:21.390+0000] {dag.py:3089} INFO - Sync 1 DAGs
[2026-01-12T00:44:21.428+0000] {logging_mixin.py:188} INFO - [2026-01-12T00:44:21.427+0000] {dag.py:3947} INFO - Setting next_dagrun for spotify_minio_to_snowflake_bronze to 2026-01-12 00:00:00+00:00, run_after=2026-01-12 01:00:00+00:00
[2026-01-12T00:44:21.462+0000] {processor.py:183} INFO - Processing /opt/airflow/dags/minio-to-kafka.py took 1.167 seconds
[2026-01-12T00:44:53.113+0000] {processor.py:161} INFO - Started process (PID=1030) to work on /opt/airflow/dags/minio-to-kafka.py
[2026-01-12T00:44:53.115+0000] {processor.py:830} INFO - Processing file /opt/airflow/dags/minio-to-kafka.py for tasks to queue
[2026-01-12T00:44:53.117+0000] {logging_mixin.py:188} INFO - [2026-01-12T00:44:53.117+0000] {dagbag.py:545} INFO - Filling up the DagBag from /opt/airflow/dags/minio-to-kafka.py
[2026-01-12T00:44:54.343+0000] {processor.py:840} INFO - DAG(s) 'spotify_minio_to_snowflake_bronze' retrieved from /opt/airflow/dags/minio-to-kafka.py
[2026-01-12T00:44:54.395+0000] {logging_mixin.py:188} INFO - [2026-01-12T00:44:54.395+0000] {dag.py:3089} INFO - Sync 1 DAGs
[2026-01-12T00:44:54.435+0000] {logging_mixin.py:188} INFO - [2026-01-12T00:44:54.435+0000] {dag.py:3947} INFO - Setting next_dagrun for spotify_minio_to_snowflake_bronze to 2026-01-12 00:00:00+00:00, run_after=2026-01-12 01:00:00+00:00
[2026-01-12T00:44:54.472+0000] {processor.py:183} INFO - Processing /opt/airflow/dags/minio-to-kafka.py took 1.368 seconds
[2026-01-12T00:45:24.873+0000] {processor.py:161} INFO - Started process (PID=1033) to work on /opt/airflow/dags/minio-to-kafka.py
[2026-01-12T00:45:24.874+0000] {processor.py:830} INFO - Processing file /opt/airflow/dags/minio-to-kafka.py for tasks to queue
[2026-01-12T00:45:24.877+0000] {logging_mixin.py:188} INFO - [2026-01-12T00:45:24.877+0000] {dagbag.py:545} INFO - Filling up the DagBag from /opt/airflow/dags/minio-to-kafka.py
[2026-01-12T00:45:25.901+0000] {processor.py:840} INFO - DAG(s) 'spotify_minio_to_snowflake_bronze' retrieved from /opt/airflow/dags/minio-to-kafka.py
[2026-01-12T00:45:25.947+0000] {logging_mixin.py:188} INFO - [2026-01-12T00:45:25.946+0000] {dag.py:3089} INFO - Sync 1 DAGs
[2026-01-12T00:45:25.983+0000] {logging_mixin.py:188} INFO - [2026-01-12T00:45:25.983+0000] {dag.py:3947} INFO - Setting next_dagrun for spotify_minio_to_snowflake_bronze to 2026-01-12 00:00:00+00:00, run_after=2026-01-12 01:00:00+00:00
[2026-01-12T00:45:26.022+0000] {processor.py:183} INFO - Processing /opt/airflow/dags/minio-to-kafka.py took 1.158 seconds
[2026-01-12T00:45:57.999+0000] {processor.py:161} INFO - Started process (PID=1036) to work on /opt/airflow/dags/minio-to-kafka.py
[2026-01-12T00:45:58.001+0000] {processor.py:830} INFO - Processing file /opt/airflow/dags/minio-to-kafka.py for tasks to queue
[2026-01-12T00:45:58.005+0000] {logging_mixin.py:188} INFO - [2026-01-12T00:45:58.004+0000] {dagbag.py:545} INFO - Filling up the DagBag from /opt/airflow/dags/minio-to-kafka.py
[2026-01-12T00:45:59.198+0000] {processor.py:840} INFO - DAG(s) 'spotify_minio_to_snowflake_bronze' retrieved from /opt/airflow/dags/minio-to-kafka.py
[2026-01-12T00:45:59.248+0000] {logging_mixin.py:188} INFO - [2026-01-12T00:45:59.247+0000] {dag.py:3089} INFO - Sync 1 DAGs
[2026-01-12T00:45:59.290+0000] {logging_mixin.py:188} INFO - [2026-01-12T00:45:59.289+0000] {dag.py:3947} INFO - Setting next_dagrun for spotify_minio_to_snowflake_bronze to 2026-01-12 00:00:00+00:00, run_after=2026-01-12 01:00:00+00:00
[2026-01-12T00:45:59.334+0000] {processor.py:183} INFO - Processing /opt/airflow/dags/minio-to-kafka.py took 1.347 seconds
[2026-01-12T00:46:30.163+0000] {processor.py:161} INFO - Started process (PID=1039) to work on /opt/airflow/dags/minio-to-kafka.py
[2026-01-12T00:46:30.165+0000] {processor.py:830} INFO - Processing file /opt/airflow/dags/minio-to-kafka.py for tasks to queue
[2026-01-12T00:46:30.168+0000] {logging_mixin.py:188} INFO - [2026-01-12T00:46:30.167+0000] {dagbag.py:545} INFO - Filling up the DagBag from /opt/airflow/dags/minio-to-kafka.py
[2026-01-12T00:46:31.195+0000] {processor.py:840} INFO - DAG(s) 'spotify_minio_to_snowflake_bronze' retrieved from /opt/airflow/dags/minio-to-kafka.py
[2026-01-12T00:46:31.240+0000] {logging_mixin.py:188} INFO - [2026-01-12T00:46:31.240+0000] {dag.py:3089} INFO - Sync 1 DAGs
[2026-01-12T00:46:31.281+0000] {logging_mixin.py:188} INFO - [2026-01-12T00:46:31.281+0000] {dag.py:3947} INFO - Setting next_dagrun for spotify_minio_to_snowflake_bronze to 2026-01-12 00:00:00+00:00, run_after=2026-01-12 01:00:00+00:00
[2026-01-12T00:46:31.313+0000] {processor.py:183} INFO - Processing /opt/airflow/dags/minio-to-kafka.py took 1.159 seconds
[2026-01-12T00:47:02.869+0000] {processor.py:161} INFO - Started process (PID=1042) to work on /opt/airflow/dags/minio-to-kafka.py
[2026-01-12T00:47:02.870+0000] {processor.py:830} INFO - Processing file /opt/airflow/dags/minio-to-kafka.py for tasks to queue
[2026-01-12T00:47:02.873+0000] {logging_mixin.py:188} INFO - [2026-01-12T00:47:02.872+0000] {dagbag.py:545} INFO - Filling up the DagBag from /opt/airflow/dags/minio-to-kafka.py
[2026-01-12T00:47:03.919+0000] {processor.py:840} INFO - DAG(s) 'spotify_minio_to_snowflake_bronze' retrieved from /opt/airflow/dags/minio-to-kafka.py
[2026-01-12T00:47:03.965+0000] {logging_mixin.py:188} INFO - [2026-01-12T00:47:03.964+0000] {dag.py:3089} INFO - Sync 1 DAGs
[2026-01-12T00:47:04.002+0000] {logging_mixin.py:188} INFO - [2026-01-12T00:47:04.002+0000] {dag.py:3947} INFO - Setting next_dagrun for spotify_minio_to_snowflake_bronze to 2026-01-12 00:00:00+00:00, run_after=2026-01-12 01:00:00+00:00
[2026-01-12T00:47:04.043+0000] {processor.py:183} INFO - Processing /opt/airflow/dags/minio-to-kafka.py took 1.184 seconds
[2026-01-12T00:47:35.511+0000] {processor.py:161} INFO - Started process (PID=1045) to work on /opt/airflow/dags/minio-to-kafka.py
[2026-01-12T00:47:35.513+0000] {processor.py:830} INFO - Processing file /opt/airflow/dags/minio-to-kafka.py for tasks to queue
[2026-01-12T00:47:35.516+0000] {logging_mixin.py:188} INFO - [2026-01-12T00:47:35.515+0000] {dagbag.py:545} INFO - Filling up the DagBag from /opt/airflow/dags/minio-to-kafka.py
[2026-01-12T00:47:36.590+0000] {processor.py:840} INFO - DAG(s) 'spotify_minio_to_snowflake_bronze' retrieved from /opt/airflow/dags/minio-to-kafka.py
[2026-01-12T00:47:36.636+0000] {logging_mixin.py:188} INFO - [2026-01-12T00:47:36.635+0000] {dag.py:3089} INFO - Sync 1 DAGs
[2026-01-12T00:47:36.682+0000] {logging_mixin.py:188} INFO - [2026-01-12T00:47:36.682+0000] {dag.py:3947} INFO - Setting next_dagrun for spotify_minio_to_snowflake_bronze to 2026-01-12 00:00:00+00:00, run_after=2026-01-12 01:00:00+00:00
[2026-01-12T00:47:36.738+0000] {processor.py:183} INFO - Processing /opt/airflow/dags/minio-to-kafka.py took 1.239 seconds
[2026-01-12T00:48:07.209+0000] {processor.py:161} INFO - Started process (PID=1048) to work on /opt/airflow/dags/minio-to-kafka.py
[2026-01-12T00:48:07.211+0000] {processor.py:830} INFO - Processing file /opt/airflow/dags/minio-to-kafka.py for tasks to queue
[2026-01-12T00:48:07.213+0000] {logging_mixin.py:188} INFO - [2026-01-12T00:48:07.213+0000] {dagbag.py:545} INFO - Filling up the DagBag from /opt/airflow/dags/minio-to-kafka.py
[2026-01-12T00:48:08.237+0000] {processor.py:840} INFO - DAG(s) 'spotify_minio_to_snowflake_bronze' retrieved from /opt/airflow/dags/minio-to-kafka.py
[2026-01-12T00:48:08.280+0000] {logging_mixin.py:188} INFO - [2026-01-12T00:48:08.279+0000] {dag.py:3089} INFO - Sync 1 DAGs
[2026-01-12T00:48:08.317+0000] {logging_mixin.py:188} INFO - [2026-01-12T00:48:08.317+0000] {dag.py:3947} INFO - Setting next_dagrun for spotify_minio_to_snowflake_bronze to 2026-01-12 00:00:00+00:00, run_after=2026-01-12 01:00:00+00:00
[2026-01-12T00:48:08.346+0000] {processor.py:183} INFO - Processing /opt/airflow/dags/minio-to-kafka.py took 1.145 seconds
[2026-01-12T00:48:40.107+0000] {processor.py:161} INFO - Started process (PID=1051) to work on /opt/airflow/dags/minio-to-kafka.py
[2026-01-12T00:48:40.108+0000] {processor.py:830} INFO - Processing file /opt/airflow/dags/minio-to-kafka.py for tasks to queue
[2026-01-12T00:48:40.111+0000] {logging_mixin.py:188} INFO - [2026-01-12T00:48:40.110+0000] {dagbag.py:545} INFO - Filling up the DagBag from /opt/airflow/dags/minio-to-kafka.py
[2026-01-12T00:48:41.151+0000] {processor.py:840} INFO - DAG(s) 'spotify_minio_to_snowflake_bronze' retrieved from /opt/airflow/dags/minio-to-kafka.py
[2026-01-12T00:48:41.192+0000] {logging_mixin.py:188} INFO - [2026-01-12T00:48:41.191+0000] {dag.py:3089} INFO - Sync 1 DAGs
[2026-01-12T00:48:41.226+0000] {logging_mixin.py:188} INFO - [2026-01-12T00:48:41.226+0000] {dag.py:3947} INFO - Setting next_dagrun for spotify_minio_to_snowflake_bronze to 2026-01-12 00:00:00+00:00, run_after=2026-01-12 01:00:00+00:00
[2026-01-12T00:48:41.471+0000] {processor.py:183} INFO - Processing /opt/airflow/dags/minio-to-kafka.py took 1.371 seconds
[2026-01-12T00:49:12.681+0000] {processor.py:161} INFO - Started process (PID=1054) to work on /opt/airflow/dags/minio-to-kafka.py
[2026-01-12T00:49:12.683+0000] {processor.py:830} INFO - Processing file /opt/airflow/dags/minio-to-kafka.py for tasks to queue
[2026-01-12T00:49:12.685+0000] {logging_mixin.py:188} INFO - [2026-01-12T00:49:12.685+0000] {dagbag.py:545} INFO - Filling up the DagBag from /opt/airflow/dags/minio-to-kafka.py
[2026-01-12T00:49:13.715+0000] {processor.py:840} INFO - DAG(s) 'spotify_minio_to_snowflake_bronze' retrieved from /opt/airflow/dags/minio-to-kafka.py
[2026-01-12T00:49:13.759+0000] {logging_mixin.py:188} INFO - [2026-01-12T00:49:13.758+0000] {dag.py:3089} INFO - Sync 1 DAGs
[2026-01-12T00:49:13.798+0000] {logging_mixin.py:188} INFO - [2026-01-12T00:49:13.797+0000] {dag.py:3947} INFO - Setting next_dagrun for spotify_minio_to_snowflake_bronze to 2026-01-12 00:00:00+00:00, run_after=2026-01-12 01:00:00+00:00
[2026-01-12T00:49:13.829+0000] {processor.py:183} INFO - Processing /opt/airflow/dags/minio-to-kafka.py took 1.157 seconds
[2026-01-12T00:49:45.119+0000] {processor.py:161} INFO - Started process (PID=1057) to work on /opt/airflow/dags/minio-to-kafka.py
[2026-01-12T00:49:45.121+0000] {processor.py:830} INFO - Processing file /opt/airflow/dags/minio-to-kafka.py for tasks to queue
[2026-01-12T00:49:45.123+0000] {logging_mixin.py:188} INFO - [2026-01-12T00:49:45.122+0000] {dagbag.py:545} INFO - Filling up the DagBag from /opt/airflow/dags/minio-to-kafka.py
[2026-01-12T00:49:45.857+0000] {processor.py:840} INFO - DAG(s) 'spotify_minio_to_snowflake_bronze' retrieved from /opt/airflow/dags/minio-to-kafka.py
[2026-01-12T00:49:45.890+0000] {logging_mixin.py:188} INFO - [2026-01-12T00:49:45.889+0000] {dag.py:3089} INFO - Sync 1 DAGs
[2026-01-12T00:49:45.917+0000] {logging_mixin.py:188} INFO - [2026-01-12T00:49:45.917+0000] {dag.py:3947} INFO - Setting next_dagrun for spotify_minio_to_snowflake_bronze to 2026-01-12 00:00:00+00:00, run_after=2026-01-12 01:00:00+00:00
[2026-01-12T00:49:45.942+0000] {processor.py:183} INFO - Processing /opt/airflow/dags/minio-to-kafka.py took 0.830 seconds
[2026-01-12T00:50:16.734+0000] {processor.py:161} INFO - Started process (PID=1060) to work on /opt/airflow/dags/minio-to-kafka.py
[2026-01-12T00:50:16.736+0000] {processor.py:830} INFO - Processing file /opt/airflow/dags/minio-to-kafka.py for tasks to queue
[2026-01-12T00:50:16.739+0000] {logging_mixin.py:188} INFO - [2026-01-12T00:50:16.739+0000] {dagbag.py:545} INFO - Filling up the DagBag from /opt/airflow/dags/minio-to-kafka.py
[2026-01-12T00:50:17.754+0000] {processor.py:840} INFO - DAG(s) 'spotify_minio_to_snowflake_bronze' retrieved from /opt/airflow/dags/minio-to-kafka.py
[2026-01-12T00:50:17.797+0000] {logging_mixin.py:188} INFO - [2026-01-12T00:50:17.797+0000] {dag.py:3089} INFO - Sync 1 DAGs
[2026-01-12T00:50:17.830+0000] {logging_mixin.py:188} INFO - [2026-01-12T00:50:17.830+0000] {dag.py:3947} INFO - Setting next_dagrun for spotify_minio_to_snowflake_bronze to 2026-01-12 00:00:00+00:00, run_after=2026-01-12 01:00:00+00:00
[2026-01-12T00:50:17.864+0000] {processor.py:183} INFO - Processing /opt/airflow/dags/minio-to-kafka.py took 1.140 seconds
[2026-01-12T00:50:49.171+0000] {processor.py:161} INFO - Started process (PID=1063) to work on /opt/airflow/dags/minio-to-kafka.py
[2026-01-12T00:50:49.172+0000] {processor.py:830} INFO - Processing file /opt/airflow/dags/minio-to-kafka.py for tasks to queue
[2026-01-12T00:50:49.174+0000] {logging_mixin.py:188} INFO - [2026-01-12T00:50:49.173+0000] {dagbag.py:545} INFO - Filling up the DagBag from /opt/airflow/dags/minio-to-kafka.py
[2026-01-12T00:50:49.963+0000] {processor.py:840} INFO - DAG(s) 'spotify_minio_to_snowflake_bronze' retrieved from /opt/airflow/dags/minio-to-kafka.py
[2026-01-12T00:50:49.995+0000] {logging_mixin.py:188} INFO - [2026-01-12T00:50:49.995+0000] {dag.py:3089} INFO - Sync 1 DAGs
[2026-01-12T00:50:50.023+0000] {logging_mixin.py:188} INFO - [2026-01-12T00:50:50.023+0000] {dag.py:3947} INFO - Setting next_dagrun for spotify_minio_to_snowflake_bronze to 2026-01-12 00:00:00+00:00, run_after=2026-01-12 01:00:00+00:00
[2026-01-12T00:50:50.051+0000] {processor.py:183} INFO - Processing /opt/airflow/dags/minio-to-kafka.py took 0.886 seconds
[2026-01-12T00:51:21.532+0000] {processor.py:161} INFO - Started process (PID=1066) to work on /opt/airflow/dags/minio-to-kafka.py
[2026-01-12T00:51:21.533+0000] {processor.py:830} INFO - Processing file /opt/airflow/dags/minio-to-kafka.py for tasks to queue
[2026-01-12T00:51:21.535+0000] {logging_mixin.py:188} INFO - [2026-01-12T00:51:21.535+0000] {dagbag.py:545} INFO - Filling up the DagBag from /opt/airflow/dags/minio-to-kafka.py
[2026-01-12T00:51:22.278+0000] {processor.py:840} INFO - DAG(s) 'spotify_minio_to_snowflake_bronze' retrieved from /opt/airflow/dags/minio-to-kafka.py
[2026-01-12T00:51:22.315+0000] {logging_mixin.py:188} INFO - [2026-01-12T00:51:22.314+0000] {dag.py:3089} INFO - Sync 1 DAGs
[2026-01-12T00:51:22.345+0000] {logging_mixin.py:188} INFO - [2026-01-12T00:51:22.345+0000] {dag.py:3947} INFO - Setting next_dagrun for spotify_minio_to_snowflake_bronze to 2026-01-12 00:00:00+00:00, run_after=2026-01-12 01:00:00+00:00
[2026-01-12T00:51:22.367+0000] {processor.py:183} INFO - Processing /opt/airflow/dags/minio-to-kafka.py took 0.841 seconds
[2026-01-12T00:51:53.828+0000] {processor.py:161} INFO - Started process (PID=1069) to work on /opt/airflow/dags/minio-to-kafka.py
[2026-01-12T00:51:53.829+0000] {processor.py:830} INFO - Processing file /opt/airflow/dags/minio-to-kafka.py for tasks to queue
[2026-01-12T00:51:53.831+0000] {logging_mixin.py:188} INFO - [2026-01-12T00:51:53.831+0000] {dagbag.py:545} INFO - Filling up the DagBag from /opt/airflow/dags/minio-to-kafka.py
[2026-01-12T00:51:54.615+0000] {processor.py:840} INFO - DAG(s) 'spotify_minio_to_snowflake_bronze' retrieved from /opt/airflow/dags/minio-to-kafka.py
[2026-01-12T00:51:54.675+0000] {logging_mixin.py:188} INFO - [2026-01-12T00:51:54.674+0000] {dag.py:3089} INFO - Sync 1 DAGs
[2026-01-12T00:51:54.723+0000] {logging_mixin.py:188} INFO - [2026-01-12T00:51:54.722+0000] {dag.py:3947} INFO - Setting next_dagrun for spotify_minio_to_snowflake_bronze to 2026-01-12 00:00:00+00:00, run_after=2026-01-12 01:00:00+00:00
[2026-01-12T00:51:54.935+0000] {processor.py:183} INFO - Processing /opt/airflow/dags/minio-to-kafka.py took 1.115 seconds
[2026-01-12T00:52:26.265+0000] {processor.py:161} INFO - Started process (PID=1072) to work on /opt/airflow/dags/minio-to-kafka.py
[2026-01-12T00:52:26.266+0000] {processor.py:830} INFO - Processing file /opt/airflow/dags/minio-to-kafka.py for tasks to queue
[2026-01-12T00:52:26.269+0000] {logging_mixin.py:188} INFO - [2026-01-12T00:52:26.269+0000] {dagbag.py:545} INFO - Filling up the DagBag from /opt/airflow/dags/minio-to-kafka.py
[2026-01-12T00:52:27.166+0000] {processor.py:840} INFO - DAG(s) 'spotify_minio_to_snowflake_bronze' retrieved from /opt/airflow/dags/minio-to-kafka.py
[2026-01-12T00:52:27.207+0000] {logging_mixin.py:188} INFO - [2026-01-12T00:52:27.206+0000] {dag.py:3089} INFO - Sync 1 DAGs
[2026-01-12T00:52:27.248+0000] {logging_mixin.py:188} INFO - [2026-01-12T00:52:27.248+0000] {dag.py:3947} INFO - Setting next_dagrun for spotify_minio_to_snowflake_bronze to 2026-01-12 00:00:00+00:00, run_after=2026-01-12 01:00:00+00:00
[2026-01-12T00:52:27.283+0000] {processor.py:183} INFO - Processing /opt/airflow/dags/minio-to-kafka.py took 1.024 seconds
